World simulation started.

Hostile profile: Cult Mechanist post-human cell | Ideology: Cult Mechanists | Tech: crude kinetic weapons


[Snapshot]
Time=25 Threat=0.38
Command Center: DMG=0.00 ALERT=0.00 PWR=1.00
Goal Sector: DMG=0.00 ALERT=0.00 PWR=1.00
Main Terminal: DMG=0.00 ALERT=0.00 PWR=1.00
Security Gate / Checkpoint: DMG=0.00 ALERT=0.00 PWR=1.00
Hangar A: DMG=0.00 ALERT=0.00 PWR=1.00
Hangar B: DMG=0.00 ALERT=0.00 PWR=1.00
Fuel Depot: DMG=0.00 ALERT=0.00 PWR=1.00
Radar / Control Tower: DMG=0.00 ALERT=0.00 PWR=1.00
Service Tunnels: DMG=0.00 ALERT=0.00 PWR=1.00
Maintenance Yard: DMG=0.00 ALERT=0.00 PWR=1.00

[Event] Cult Mechanist post-human cell perimeter probe in Security Gate / Checkpoint
[Warning] Hostile coordination detected.
[Warning] Hostile coordination detected.
[Warning] Hostile coordination detected.
[Warning] Hostile coordination detected.
[Warning] Hostile coordination detected.
[Warning] Hostile coordination detected.

=== MAJOR ASSAULT BEGINS ===


[Snapshot]
Time=50 Threat=0.75
Command Center: DMG=0.00 ALERT=0.00 PWR=1.00
Goal Sector: DMG=0.00 ALERT=0.00 PWR=1.00
Main Terminal: DMG=0.00 ALERT=0.00 PWR=1.00
Security Gate / Checkpoint: DMG=0.00 ALERT=0.29 PWR=1.00
Hangar A: DMG=0.00 ALERT=0.00 PWR=1.00
Hangar B: DMG=0.00 ALERT=0.00 PWR=1.00
Fuel Depot: DMG=0.00 ALERT=0.00 PWR=1.00
Radar / Control Tower: DMG=0.00 ALERT=0.00 PWR=1.00
Service Tunnels: DMG=0.00 ALERT=0.00 PWR=1.00
Maintenance Yard: DMG=0.00 ALERT=0.00 PWR=1.00

[Assault] Fighting in Goal Sector
[Assault] Fighting in Command Center
[Assault] Fighting in Security Gate / Checkpoint
[Assault] Fighting in Command Center
[Assault] Fighting in Goal Sector
[Assault] Fighting in Security Gate / Checkpoint
[Assault] Fighting in Goal Sector
[Assault] Fighting in Goal Sector
[Assault] Fighting in Goal Sector
[Assault] Fighting in Security Gate / Checkpoint
[Assault] Fighting in Command Center
[Assault] Fighting in Goal Sector
[Assault] Fighting in Goal Sector
[Assault] Fighting in Security Gate / Checkpoint
[Assault] Fighting in Command Center
[Assault] Fighting in Goal Sector
[Assault] Fighting in Goal Sector
[Assault] Fighting in Command Center
[Assault] Fighting in Goal Sector
[Assault] Fighting in Security Gate / Checkpoint
[Assault] Fighting in Command Center
[Assault] Fighting in Command Center
[Assault] Fighting in Goal Sector

=== ASSAULT REPULSED ===

[Event] Cult Mechanist post-human cell perimeter probe in Security Gate / Checkpoint
[Event] Cult Mechanist post-human cell sabotage charge in Service Tunnels

[Snapshot]
Time=75 Threat=3.73
Command Center: DMG=1.40 ALERT=2.20 PWR=1.00
Goal Sector: DMG=2.20 ALERT=3.59 PWR=1.00
Main Terminal: DMG=0.00 ALERT=0.00 PWR=1.00
Security Gate / Checkpoint: DMG=1.00 ALERT=2.18 PWR=1.00
Hangar A: DMG=0.00 ALERT=0.00 PWR=1.00
Hangar B: DMG=0.00 ALERT=0.00 PWR=1.00
Fuel Depot: DMG=0.00 ALERT=0.00 PWR=1.00
Radar / Control Tower: DMG=0.00 ALERT=0.00 PWR=1.00
Service Tunnels: DMG=0.60 ALERT=0.76 PWR=0.80
Maintenance Yard: DMG=0.00 ALERT=0.00 PWR=1.00

[Event] Cult Mechanist post-human cell sabotage charge in Hangar A
[Warning] Hostile coordination detected.
[Event] Cult Mechanist post-human cell perimeter probe in Hangar A
  -> Consequence: Cult Mechanist post-human cell tunnel movement detected
[Warning] Hostile coordination detected.
[Warning] Hostile coordination detected.
[Warning] Hostile coordination detected.
[Warning] Hostile coordination detected.

[Snapshot]
Time=100 Threat=4.40
Command Center: DMG=1.40 ALERT=2.30 PWR=1.00
Goal Sector: DMG=2.20 ALERT=3.89 PWR=1.00
Main Terminal: DMG=0.00 ALERT=0.00 PWR=1.00
Security Gate / Checkpoint: DMG=1.00 ALERT=2.18 PWR=1.00
Hangar A: DMG=0.60 ALERT=1.14 PWR=0.80
Hangar B: DMG=0.00 ALERT=0.00 PWR=1.00
Fuel Depot: DMG=0.00 ALERT=0.00 PWR=1.00
Radar / Control Tower: DMG=0.00 ALERT=0.00 PWR=1.00
Service Tunnels: DMG=0.60 ALERT=0.66 PWR=0.80
Maintenance Yard: DMG=0.00 ALERT=0.00 PWR=1.00

[Warning] Hostile coordination detected.

=== MAJOR ASSAULT BEGINS ===

[Event] Cult Mechanist post-human cell sabotage charge in Maintenance Yard
  -> Consequence: Secondary fires in adjacent conduit
[Assault] Fighting in Goal Sector
[Assault] Fighting in Security Gate / Checkpoint
[Assault] Fighting in Goal Sector
[Assault] Fighting in Goal Sector
[Assault] Fighting in Security Gate / Checkpoint
[Assault] Fighting in Command Center
[Assault] Fighting in Command Center
[Assault] Fighting in Command Center
[Assault] Fighting in Command Center
[Assault] Fighting in Security Gate / Checkpoint
[Assault] Fighting in Goal Sector
[Assault] Fighting in Command Center
[Assault] Fighting in Security Gate / Checkpoint
[Assault] Fighting in Goal Sector
[Assault] Fighting in Goal Sector
[Assault] Fighting in Command Center
[Assault] Fighting in Security Gate / Checkpoint
[Assault] Fighting in Security Gate / Checkpoint
[Assault] Fighting in Command Center
[Assault] Fighting in Goal Sector
[Assault] Fighting in Command Center
[Assault] Fighting in Goal Sector
[Assault] Fighting in Goal Sector
[Assault] Fighting in Command Center
[Assault] Fighting in Security Gate / Checkpoint
[Assault] Fighting in Security Gate / Checkpoint
[Assault] Fighting in Goal Sector
[Assault] Fighting in Goal Sector
[Assault] Fighting in Command Center
[Assault] Fighting in Command Center

=== ASSAULT REPULSED ===

[Event] Cult Mechanist post-human cell conduit cut (kinetic) in Service Tunnels
  -> Consequence: Backup grid drops
[Warning] Hostile coordination detected.
[Warning] Hostile coordination detected.
[Warning] Hostile coordination detected.
[Warning] Hostile coordination detected.
[Warning] Hostile coordination detected.
[Warning] Hostile coordination detected.

=== MAJOR ASSAULT BEGINS ===

[Assault] Fighting in Command Center
[Assault] Fighting in Goal Sector
[Assault] Fighting in Goal Sector
[Assault] Fighting in Goal Sector
[Assault] Fighting in Security Gate / Checkpoint
[Assault] Fighting in Security Gate / Checkpoint
[Assault] Fighting in Goal Sector
[Assault] Fighting in Security Gate / Checkpoint
[Assault] Fighting in Command Center
[Assault] Fighting in Command Center
[Assault] Fighting in Goal Sector
[Assault] Fighting in Goal Sector
[Assault] Fighting in Command Center
[Assault] Fighting in Goal Sector
[Assault] Fighting in Goal Sector
[Assault] Fighting in Security Gate / Checkpoint
[Assault] Fighting in Goal Sector
[Assault] Fighting in Security Gate / Checkpoint
[Assault] Fighting in Security Gate / Checkpoint
[Assault] Fighting in Command Center
[Assault] Fighting in Command Center
[Assault] Fighting in Command Center
[Assault] Fighting in Command Center
[Assault] Fighting in Goal Sector
[Assault] Fighting in Command Center
[Assault] Fighting in Security Gate / Checkpoint
[Assault] Fighting in Security Gate / Checkpoint

=== ASSAULT REPULSED ===

[Event] Cult Mechanist post-human cell conduit cut (kinetic) in Maintenance Yard
  -> Consequence: Signal relays desync
[Warning] Hostile coordination detected.
[Event] Cult Mechanist post-human cell perimeter probe in Hangar A
[Warning] Hostile coordination detected.
[Warning] Hostile coordination detected.
[Warning] Hostile coordination detected.
[Event] Cult Mechanist post-human cell tunnel breach in Service Tunnels
[Warning] Hostile coordination detected.

=== MAJOR ASSAULT BEGINS ===

[Event] Cult Mechanist post-human cell sabotage charge in Hangar A
[Assault] Fighting in Goal Sector
[Assault] Fighting in Goal Sector
[Assault] Fighting in Command Center
[Assault] Fighting in Goal Sector
[Assault] Fighting in Security Gate / Checkpoint
[Assault] Fighting in Security Gate / Checkpoint
[Assault] Fighting in Goal Sector
[Assault] Fighting in Goal Sector
[Assault] Fighting in Security Gate / Checkpoint
[Assault] Fighting in Command Center
[Assault] Fighting in Goal Sector
[Assault] Fighting in Security Gate / Checkpoint
[Assault] Fighting in Goal Sector
[Assault] Fighting in Security Gate / Checkpoint
[Assault] Fighting in Security Gate / Checkpoint
[Assault] Fighting in Goal Sector
[Assault] Fighting in Security Gate / Checkpoint
[Assault] Fighting in Goal Sector
[Assault] Fighting in Goal Sector
[Assault] Fighting in Goal Sector
[Assault] Fighting in Security Gate / Checkpoint
[Assault] Fighting in Command Center
[Assault] Fighting in Command Center
[Assault] Fighting in Goal Sector
[Assault] Fighting in Command Center
[Assault] Fighting in Command Center
[Assault] Fighting in Security Gate / Checkpoint
[Assault] Fighting in Security Gate / Checkpoint
[Assault] Fighting in Security Gate / Checkpoint

=== ASSAULT REPULSED ===

[Event] Cult Mechanist post-human cell perimeter probe in Security Gate / Checkpoint
[Event] Cult Mechanist post-human cell sabotage charge in Service Tunnels

[Snapshot]
Time=125 Threat=14.27
Command Center: DMG=6.60 ALERT=10.96 PWR=1.00
Goal Sector: DMG=8.80 ALERT=14.93 PWR=1.00
Main Terminal: DMG=0.00 ALERT=0.00 PWR=1.00
Security Gate / Checkpoint: DMG=6.40 ALERT=11.33 PWR=1.00
Hangar A: DMG=1.20 ALERT=2.26 PWR=0.60
Hangar B: DMG=0.00 ALERT=0.00 PWR=1.00
Fuel Depot: DMG=0.00 ALERT=0.00 PWR=1.00
Radar / Control Tower: DMG=0.00 ALERT=0.00 PWR=1.00
Service Tunnels: DMG=1.60 ALERT=3.94 PWR=0.50
Maintenance Yard: DMG=1.00 ALERT=1.75 PWR=0.50

[Warning] Hostile coordination detected.
[Warning] Hostile coordination detected.
[Warning] Hostile coordination detected.
[Warning] Hostile coordination detected.
[Warning] Hostile coordination detected.
[Warning] Hostile coordination detected.

=== MAJOR ASSAULT BEGINS ===

[Assault] Fighting in Security Gate / Checkpoint
[Assault] Fighting in Command Center
[Assault] Fighting in Command Center
[Assault] Fighting in Goal Sector
[Assault] Fighting in Goal Sector
[Assault] Fighting in Goal Sector
[Assault] Fighting in Command Center
[Assault] Fighting in Command Center
[Assault] Fighting in Security Gate / Checkpoint
[Assault] Fighting in Goal Sector
[Assault] Fighting in Command Center
[Assault] Fighting in Security Gate / Checkpoint
[Assault] Fighting in Security Gate / Checkpoint
[Assault] Fighting in Security Gate / Checkpoint
[Assault] Fighting in Command Center
[Assault] Fighting in Security Gate / Checkpoint
[Assault] Fighting in Goal Sector
[Assault] Fighting in Security Gate / Checkpoint
[Assault] Fighting in Goal Sector
[Assault] Fighting in Security Gate / Checkpoint
[Assault] Fighting in Goal Sector
[Assault] Fighting in Goal Sector
[Assault] Fighting in Command Center
[Assault] Fighting in Security Gate / Checkpoint
[Assault] Fighting in Command Center

=== ASSAULT REPULSED ===

[Warning] Hostile coordination detected.
[Warning] Hostile coordination detected.
[Event] Cult Mechanist post-human cell perimeter probe in Security Gate / Checkpoint
  -> Consequence: Cult Mechanist post-human cell tunnel movement detected
[Warning] Hostile coordination detected.
[Event] Cult Mechanist post-human cell ignition in fuel stores in Fuel Depot
  -> Consequence: Containment seals breach
[Warning] Hostile coordination detected.
[Event] Cult Mechanist post-human cell sabotage charge in Hangar B
  -> Consequence: Secondary fires in adjacent conduit
[Warning] Hostile coordination detected.
[Warning] Hostile coordination detected.

=== MAJOR ASSAULT BEGINS ===

[Assault] Fighting in Command Center
[Assault] Fighting in Goal Sector
[Assault] Fighting in Security Gate / Checkpoint
[Assault] Fighting in Goal Sector
[Assault] Fighting in Command Center
[Assault] Fighting in Security Gate / Checkpoint
[Assault] Fighting in Command Center
[Assault] Fighting in Command Center
[Assault] Fighting in Command Center
[Assault] Fighting in Security Gate / Checkpoint
[Assault] Fighting in Goal Sector
[Assault] Fighting in Security Gate / Checkpoint
[Assault] Fighting in Goal Sector
[Assault] Fighting in Goal Sector
[Assault] Fighting in Goal Sector
[Assault] Fighting in Security Gate / Checkpoint

=== ASSAULT REPULSED ===


[Snapshot]
Time=150 Threat=19.85
Command Center: DMG=9.20 ALERT=16.55 PWR=1.00
Goal Sector: DMG=11.60 ALERT=21.37 PWR=1.00
Main Terminal: DMG=0.00 ALERT=0.00 PWR=1.00
Security Gate / Checkpoint: DMG=9.20 ALERT=17.60 PWR=1.00
Hangar A: DMG=1.20 ALERT=2.31 PWR=0.60
Hangar B: DMG=0.60 ALERT=0.78 PWR=0.80
Fuel Depot: DMG=1.20 ALERT=2.01 PWR=1.00
Radar / Control Tower: DMG=0.00 ALERT=0.00 PWR=1.00
Service Tunnels: DMG=1.60 ALERT=4.09 PWR=0.50
Maintenance Yard: DMG=1.00 ALERT=1.75 PWR=0.50

[Event] Cult Mechanist post-human cell sensor jamming in Radar / Control Tower
[Warning] Hostile coordination detected.
[Warning] Hostile coordination detected.
[Warning] Hostile coordination detected.
[Event] Cult Mechanist post-human cell perimeter probe in Hangar A
  -> Consequence: Cult Mechanist post-human cell tunnel movement detected
[Warning] Hostile coordination detected.
[Warning] Hostile coordination detected.
[Warning] Hostile coordination detected.

=== MAJOR ASSAULT BEGINS ===

[Assault] Fighting in Goal Sector
[Assault] Fighting in Goal Sector
[Assault] Fighting in Command Center
[Assault] Fighting in Goal Sector
[Assault] Fighting in Command Center
[Assault] Fighting in Command Center
[Assault] Fighting in Command Center
[Assault] Fighting in Goal Sector
[Assault] Fighting in Security Gate / Checkpoint
[Assault] Fighting in Goal Sector
[Assault] Fighting in Command Center
[Assault] Fighting in Command Center
[Assault] Fighting in Command Center
[Assault] Fighting in Command Center
[Assault] Fighting in Command Center
[Assault] Fighting in Goal Sector

=== ASSAULT REPULSED ===

[Event] Cult Mechanist post-human cell sabotage charge in Service Tunnels
[Event] Cult Mechanist post-human cell perimeter probe in Security Gate / Checkpoint
  -> Consequence: Cult Mechanist post-human cell tunnel movement detected
[Warning] Hostile coordination detected.
[Warning] Hostile coordination detected.
[Event] Cult Mechanist post-human cell data siphon attempt in Main Terminal
[Warning] Hostile coordination detected.
[Warning] Hostile coordination detected.
[Warning] Hostile coordination detected.
[Event] Cult Mechanist post-human cell sabotage charge in Hangar A
  -> Consequence: Secondary fires in adjacent conduit
[Warning] Hostile coordination detected.

=== MAJOR ASSAULT BEGINS ===

[Assault] Fighting in Goal Sector
[Assault] Fighting in Goal Sector
[Assault] Fighting in Command Center
[Assault] Fighting in Goal Sector
[Assault] Fighting in Security Gate / Checkpoint
[Assault] Fighting in Goal Sector
[Assault] Fighting in Goal Sector
[Assault] Fighting in Security Gate / Checkpoint
[Assault] Fighting in Goal Sector
[Assault] Fighting in Command Center
[Assault] Fighting in Command Center
[Assault] Fighting in Goal Sector
[Assault] Fighting in Goal Sector
[Assault] Fighting in Command Center
[Assault] Fighting in Goal Sector
[Assault] Fighting in Security Gate / Checkpoint
[Assault] Fighting in Goal Sector
[Assault] Fighting in Goal Sector
[Assault] Fighting in Goal Sector
[Assault] Fighting in Security Gate / Checkpoint
[Assault] Fighting in Security Gate / Checkpoint
[Assault] Fighting in Command Center
[Assault] Fighting in Security Gate / Checkpoint
[Assault] Fighting in Command Center
[Assault] Fighting in Goal Sector
[Assault] Fighting in Command Center
[Assault] Fighting in Goal Sector
[Assault] Fighting in Command Center
[Assault] Fighting in Goal Sector

=== ASSAULT REPULSED ===

[Event] Cult Mechanist post-human cell perimeter probe in Hangar A

[Snapshot]
Time=175 Threat=26.03
Command Center: DMG=12.60 ALERT=24.00 PWR=1.00
Goal Sector: DMG=15.80 ALERT=30.56 PWR=1.00
Main Terminal: DMG=0.00 ALERT=1.33 PWR=1.00
Security Gate / Checkpoint: DMG=10.60 ALERT=22.20 PWR=1.00
Hangar A: DMG=1.80 ALERT=3.98 PWR=0.50
Hangar B: DMG=0.60 ALERT=0.68 PWR=0.80
Fuel Depot: DMG=1.20 ALERT=2.06 PWR=1.00
Radar / Control Tower: DMG=0.00 ALERT=0.66 PWR=0.80
Service Tunnels: DMG=2.20 ALERT=5.13 PWR=0.50
Maintenance Yard: DMG=1.00 ALERT=1.75 PWR=0.50

[Event] Cult Mechanist post-human cell tunnel breach in Service Tunnels
[Event] Cult Mechanist post-human cell conduit cut (kinetic) in Service Tunnels
  -> Consequence: Signal relays desync
[Warning] Hostile coordination detected.
[Warning] Hostile coordination detected.
[Warning] Hostile coordination detected.
[Warning] Hostile coordination detected.
[Event] Cult Mechanist post-human cell sabotage charge in Hangar B
[Warning] Hostile coordination detected.

=== MAJOR ASSAULT BEGINS ===

[Assault] Fighting in Goal Sector
[Assault] Fighting in Goal Sector
[Assault] Fighting in Command Center
[Assault] Fighting in Command Center
[Assault] Fighting in Security Gate / Checkpoint
[Assault] Fighting in Goal Sector
[Assault] Fighting in Command Center
[Assault] Fighting in Security Gate / Checkpoint
[Assault] Fighting in Security Gate / Checkpoint
[Assault] Fighting in Security Gate / Checkpoint
[Assault] Fighting in Command Center
[Assault] Fighting in Security Gate / Checkpoint
[Assault] Fighting in Security Gate / Checkpoint
[Assault] Fighting in Security Gate / Checkpoint
[Assault] Fighting in Command Center
[Assault] Fighting in Command Center
[Assault] Fighting in Command Center
[Assault] Fighting in Command Center
[Assault] Fighting in Goal Sector
[Assault] Fighting in Security Gate / Checkpoint
[Assault] Fighting in Goal Sector
[Assault] Fighting in Security Gate / Checkpoint

=== ASSAULT REPULSED ===

[Event] Cult Mechanist post-human cell perimeter probe in Security Gate / Checkpoint
[Warning] Hostile coordination detected.
[Event] Cult Mechanist post-human cell incursion at goal sector in Goal Sector
  -> Consequence: Reconstruction line locked
[Warning] Hostile coordination detected.
[Event] Cult Mechanist post-human cell data siphon attempt in Command Center
  -> Consequence: Archive checksum mismatch
[Warning] Hostile coordination detected.
[Warning] Hostile coordination detected.
[Event] Cult Mechanist post-human cell sabotage charge in Maintenance Yard
[Warning] Hostile coordination detected.
[Warning] Hostile coordination detected.
[Event] Cult Mechanist post-human cell perimeter probe in Hangar A
  -> Consequence: Cult Mechanist post-human cell tunnel movement detected

=== MAJOR ASSAULT BEGINS ===

[Assault] Fighting in Security Gate / Checkpoint
[Assault] Fighting in Security Gate / Checkpoint
[Assault] Fighting in Command Center
[Assault] Fighting in Goal Sector
[Assault] Fighting in Security Gate / Checkpoint
[Assault] Fighting in Goal Sector
[Assault] Fighting in Security Gate / Checkpoint
[Assault] Fighting in Security Gate / Checkpoint
[Assault] Fighting in Goal Sector
[Assault] Fighting in Command Center
[Assault] Fighting in Security Gate / Checkpoint
[Assault] Fighting in Security Gate / Checkpoint
[Assault] Fighting in Goal Sector
[Assault] Fighting in Security Gate / Checkpoint
[Assault] Fighting in Security Gate / Checkpoint
[Assault] Fighting in Goal Sector
[Assault] Fighting in Security Gate / Checkpoint
[Assault] Fighting in Command Center
[Assault] Fighting in Command Center
[Assault] Fighting in Goal Sector

=== ASSAULT REPULSED ===

[Event] Cult Mechanist post-human cell sensor jamming in Radar / Control Tower
  -> Consequence: Command uplink flickers
[Event] Cult Mechanist post-human cell sabotage charge in Service Tunnels

[Snapshot]
Time=200 Threat=32.80
Command Center: DMG=15.30 ALERT=32.23 PWR=1.00
Goal Sector: DMG=18.80 ALERT=39.46 PWR=1.00
Main Terminal: DMG=0.00 ALERT=1.08 PWR=1.00
Security Gate / Checkpoint: DMG=14.40 ALERT=31.09 PWR=1.00
Hangar A: DMG=1.80 ALERT=4.58 PWR=0.50
Hangar B: DMG=1.20 ALERT=1.49 PWR=0.60
Fuel Depot: DMG=1.20 ALERT=2.11 PWR=1.00
Radar / Control Tower: DMG=0.00 ALERT=1.31 PWR=0.60
Service Tunnels: DMG=3.20 ALERT=8.82 PWR=0.50
Maintenance Yard: DMG=1.60 ALERT=2.59 PWR=0.50

[Event] Cult Mechanist post-human cell perimeter probe in Security Gate / Checkpoint
[Event] Cult Mechanist post-human cell conduit cut (kinetic) in Service Tunnels
[Warning] Hostile coordination detected.
[Event] Cult Mechanist post-human cell sabotage charge in Hangar A
[Warning] Hostile coordination detected.
[Event] Cult Mechanist post-human cell sabotage charge in Hangar B
  -> Consequence: Secondary fires in adjacent conduit
[Warning] Hostile coordination detected.
[Event] Cult Mechanist post-human cell ignition in fuel stores in Fuel Depot
[Warning] Hostile coordination detected.
[Warning] Hostile coordination detected.

=== MAJOR ASSAULT BEGINS ===

[Event] Cult Mechanist post-human cell tunnel breach in Service Tunnels
[Assault] Fighting in Command Center
[Assault] Fighting in Security Gate / Checkpoint
[Assault] Fighting in Goal Sector
[Assault] Fighting in Command Center
[Assault] Fighting in Command Center
[Assault] Fighting in Goal Sector
[Assault] Fighting in Command Center
[Assault] Fighting in Goal Sector
[Assault] Fighting in Command Center
[Assault] Fighting in Goal Sector
[Assault] Fighting in Goal Sector
[Assault] Fighting in Goal Sector
[Assault] Fighting in Goal Sector
[Assault] Fighting in Security Gate / Checkpoint
[Assault] Fighting in Goal Sector
[Assault] Fighting in Goal Sector
[Assault] Fighting in Command Center
[Assault] Fighting in Command Center
[Assault] Fighting in Goal Sector
[Assault] Fighting in Security Gate / Checkpoint
[Assault] Fighting in Security Gate / Checkpoint
[Assault] Fighting in Goal Sector
[Assault] Fighting in Command Center

=== ASSAULT REPULSED ===

[Event] Cult Mechanist post-human cell perimeter probe in Hangar A
[Event] Cult Mechanist post-human cell conduit cut (kinetic) in Maintenance Yard
[Warning] Hostile coordination detected.
[Event] Cult Mechanist post-human cell data siphon attempt in Main Terminal
  -> Consequence: Archive checksum mismatch
[Warning] Hostile coordination detected.
[Event] Cult Mechanist post-human cell sabotage charge in Maintenance Yard
  -> Consequence: Secondary fires in adjacent conduit
[Warning] Hostile coordination detected.
[Event] Cult Mechanist post-human cell perimeter probe in Security Gate / Checkpoint
  -> Consequence: Cult Mechanist post-human cell tunnel movement detected
[Warning] Hostile coordination detected.
[Warning] Hostile coordination detected.

=== MAJOR ASSAULT BEGINS ===

[Assault] Fighting in Goal Sector
[Assault] Fighting in Security Gate / Checkpoint
[Assault] Fighting in Command Center
[Assault] Fighting in Security Gate / Checkpoint
[Assault] Fighting in Command Center
[Assault] Fighting in Goal Sector
[Assault] Fighting in Goal Sector
[Assault] Fighting in Command Center
[Assault] Fighting in Goal Sector
[Assault] Fighting in Goal Sector
[Assault] Fighting in Command Center
[Assault] Fighting in Command Center
[Assault] Fighting in Command Center
[Assault] Fighting in Goal Sector
[Assault] Fighting in Command Center
[Assault] Fighting in Goal Sector
[Assault] Fighting in Command Center
[Assault] Fighting in Command Center
[Assault] Fighting in Command Center
[Assault] Fighting in Security Gate / Checkpoint
[Assault] Fighting in Command Center
[Assault] Fighting in Goal Sector
[Assault] Fighting in Security Gate / Checkpoint
[Assault] Fighting in Command Center
[Assault] Fighting in Security Gate / Checkpoint
[Assault] Fighting in Security Gate / Checkpoint
[Assault] Fighting in Goal Sector
[Assault] Fighting in Command Center
[Assault] Fighting in Security Gate / Checkpoint
[Assault] Fighting in Command Center

=== ASSAULT REPULSED ===

[Event] Cult Mechanist post-human cell sensor jamming in Radar / Control Tower
[Event] Cult Mechanist post-human cell sabotage charge in Hangar A
  -> Consequence: Secondary fires in adjacent conduit
[Warning] Hostile coordination detected.
[Event] Cult Mechanist post-human cell sabotage charge in Service Tunnels
  -> Consequence: Secondary fires in adjacent conduit
[Warning] Hostile coordination detected.
[Warning] Hostile coordination detected.

[Snapshot]
Time=225 Threat=41.48
Command Center: DMG=19.70 ALERT=42.90 PWR=1.00
Goal Sector: DMG=22.80 ALERT=50.43 PWR=1.00
Main Terminal: DMG=0.00 ALERT=2.23 PWR=1.00
Security Gate / Checkpoint: DMG=16.60 ALERT=38.78 PWR=1.00
Hangar A: DMG=3.00 ALERT=6.93 PWR=0.50
Hangar B: DMG=1.80 ALERT=2.47 PWR=0.50
Fuel Depot: DMG=2.40 ALERT=4.40 PWR=1.00
Radar / Control Tower: DMG=0.00 ALERT=1.96 PWR=0.40
Service Tunnels: DMG=4.20 ALERT=12.77 PWR=0.50
Maintenance Yard: DMG=2.60 ALERT=4.67 PWR=0.50

[Warning] Hostile coordination detected.
[Warning] Hostile coordination detected.
[Warning] Hostile coordination detected.
[Event] Cult Mechanist post-human cell perimeter probe in Hangar A

=== MAJOR ASSAULT BEGINS ===

[Event] Cult Mechanist post-human cell sabotage charge in Hangar B
  -> Consequence: Secondary fires in adjacent conduit
[Assault] Fighting in Command Center
[Assault] Fighting in Goal Sector
[Assault] Fighting in Goal Sector
[Assault] Fighting in Goal Sector
[Assault] Fighting in Goal Sector
[Assault] Fighting in Command Center
[Assault] Fighting in Goal Sector
[Assault] Fighting in Goal Sector
[Assault] Fighting in Goal Sector
[Assault] Fighting in Security Gate / Checkpoint
[Assault] Fighting in Command Center
[Assault] Fighting in Security Gate / Checkpoint
[Assault] Fighting in Goal Sector
[Assault] Fighting in Command Center
[Assault] Fighting in Goal Sector
[Assault] Fighting in Command Center
[Assault] Fighting in Security Gate / Checkpoint
[Assault] Fighting in Command Center
[Assault] Fighting in Security Gate / Checkpoint
[Assault] Fighting in Command Center
[Assault] Fighting in Security Gate / Checkpoint
[Assault] Fighting in Security Gate / Checkpoint
[Assault] Fighting in Goal Sector
[Assault] Fighting in Goal Sector

=== ASSAULT REPULSED ===

[Event] Cult Mechanist post-human cell perimeter probe in Security Gate / Checkpoint
  -> Consequence: Cult Mechanist post-human cell tunnel movement detected
[Event] Cult Mechanist post-human cell conduit cut (kinetic) in Service Tunnels
  -> Consequence: Backup grid drops
  -> Consequence: Signal relays desync
[Warning] Hostile coordination detected.
[Warning] Hostile coordination detected.
[Warning] Hostile coordination detected.
[Warning] Hostile coordination detected.
[Event] Cult Mechanist post-human cell conduit cut (kinetic) in Maintenance Yard
  -> Consequence: Backup grid drops
  -> Consequence: Signal relays desync
[Warning] Hostile coordination detected.
[Event] Cult Mechanist post-human cell sabotage charge in Maintenance Yard
  -> Consequence: Secondary fires in adjacent conduit
[Warning] Hostile coordination detected.
[Event] Cult Mechanist post-human cell data siphon attempt in Command Center
  -> Consequence: Archive checksum mismatch
[Warning] Hostile coordination detected.
[Event] Cult Mechanist post-human cell tunnel breach in Service Tunnels
  -> Consequence: Service access compromised
[Warning] Hostile coordination detected.
[Event] Cult Mechanist post-human cell incursion at goal sector in Goal Sector
[Warning] Hostile coordination detected.

=== MAJOR ASSAULT BEGINS ===

[Event] Cult Mechanist post-human cell sabotage charge in Hangar A
  -> Consequence: Secondary fires in adjacent conduit
[Assault] Fighting in Goal Sector
[Assault] Fighting in Security Gate / Checkpoint
[Assault] Fighting in Goal Sector
[Assault] Fighting in Security Gate / Checkpoint
[Assault] Fighting in Command Center
[Assault] Fighting in Goal Sector
[Assault] Fighting in Goal Sector
[Assault] Fighting in Security Gate / Checkpoint
[Assault] Fighting in Security Gate / Checkpoint
[Assault] Fighting in Command Center
[Assault] Fighting in Security Gate / Checkpoint
[Assault] Fighting in Command Center
[Assault] Fighting in Goal Sector
[Assault] Fighting in Goal Sector
[Assault] Fighting in Security Gate / Checkpoint
[Assault] Fighting in Goal Sector
[Assault] Fighting in Command Center
[Assault] Fighting in Command Center
[Assault] Fighting in Command Center
[Assault] Fighting in Command Center
[Assault] Fighting in Security Gate / Checkpoint
[Assault] Fighting in Security Gate / Checkpoint
[Assault] Fighting in Goal Sector
[Assault] Fighting in Goal Sector
[Assault] Fighting in Goal Sector
[Assault] Fighting in Command Center
[Assault] Fighting in Goal Sector

=== ASSAULT REPULSED ===

[Event] Cult Mechanist post-human cell perimeter probe in Security Gate / Checkpoint
  -> Consequence: Cult Mechanist post-human cell tunnel movement detected
[Event] Cult Mechanist post-human cell sabotage charge in Service Tunnels
[Event] Cult Mechanist post-human cell ignition in fuel stores in Fuel Depot
[Event] Cult Mechanist post-human cell data siphon attempt in Main Terminal
  -> Consequence: Archive checksum mismatch
[Warning] Hostile coordination detected.
[Warning] Hostile coordination detected.
[Warning] Hostile coordination detected.

[Snapshot]
Time=250 Threat=50.55
Command Center: DMG=23.00 ALERT=53.92 PWR=1.00
Goal Sector: DMG=28.00 ALERT=64.77 PWR=1.00
Main Terminal: DMG=0.00 ALERT=3.38 PWR=1.00
Security Gate / Checkpoint: DMG=19.40 ALERT=48.05 PWR=1.00
Hangar A: DMG=3.60 ALERT=8.68 PWR=0.50
Hangar B: DMG=2.40 ALERT=3.59 PWR=0.50
Fuel Depot: DMG=3.60 ALERT=6.79 PWR=1.00
Radar / Control Tower: DMG=0.00 ALERT=1.71 PWR=0.40
Service Tunnels: DMG=5.20 ALERT=16.97 PWR=0.50
Maintenance Yard: DMG=3.60 ALERT=7.01 PWR=0.50

[Event] Cult Mechanist post-human cell sabotage charge in Hangar B
[Warning] Hostile coordination detected.
[Warning] Hostile coordination detected.
[Warning] Hostile coordination detected.

=== MAJOR ASSAULT BEGINS ===

[Event] Cult Mechanist post-human cell perimeter probe in Hangar A
  -> Consequence: Cult Mechanist post-human cell tunnel movement detected
[Assault] Fighting in Command Center
[Assault] Fighting in Security Gate / Checkpoint
[Assault] Fighting in Security Gate / Checkpoint
[Assault] Fighting in Security Gate / Checkpoint
[Assault] Fighting in Security Gate / Checkpoint
[Assault] Fighting in Security Gate / Checkpoint
[Assault] Fighting in Goal Sector
[Assault] Fighting in Goal Sector
[Assault] Fighting in Goal Sector
[Assault] Fighting in Goal Sector
[Assault] Fighting in Security Gate / Checkpoint
[Assault] Fighting in Goal Sector
[Assault] Fighting in Command Center
[Assault] Fighting in Security Gate / Checkpoint
[Assault] Fighting in Command Center
[Assault] Fighting in Security Gate / Checkpoint
[Assault] Fighting in Command Center
[Assault] Fighting in Command Center
[Assault] Fighting in Command Center
[Assault] Fighting in Command Center
[Assault] Fighting in Command Center
[Assault] Fighting in Goal Sector
[Assault] Fighting in Goal Sector
[Assault] Fighting in Security Gate / Checkpoint
[Assault] Fighting in Goal Sector
[Assault] Fighting in Goal Sector

=== ASSAULT REPULSED ===

[Event] Cult Mechanist post-human cell perimeter probe in Security Gate / Checkpoint
  -> Consequence: Cult Mechanist post-human cell tunnel movement detected
[Event] Cult Mechanist post-human cell sabotage charge in Maintenance Yard
[Event] Cult Mechanist post-human cell conduit cut (kinetic) in Service Tunnels
  -> Consequence: Signal relays desync
[Warning] Hostile coordination detected.
[Warning] Hostile coordination detected.
[Warning] Hostile coordination detected.
[Event] Cult Mechanist post-human cell sabotage charge in Hangar A
[Warning] Hostile coordination detected.
[Event] Cult Mechanist post-human cell sabotage charge in Service Tunnels
[Warning] Hostile coordination detected.

=== MAJOR ASSAULT BEGINS ===

[Assault] Fighting in Security Gate / Checkpoint
[Assault] Fighting in Command Center
[Assault] Fighting in Goal Sector
[Assault] Fighting in Goal Sector
[Assault] Fighting in Security Gate / Checkpoint
[Assault] Fighting in Security Gate / Checkpoint
[Assault] Fighting in Command Center
[Assault] Fighting in Security Gate / Checkpoint
[Assault] Fighting in Command Center
[Assault] Fighting in Command Center
[Assault] Fighting in Security Gate / Checkpoint
[Assault] Fighting in Command Center
[Assault] Fighting in Goal Sector
[Assault] Fighting in Goal Sector
[Assault] Fighting in Goal Sector
[Assault] Fighting in Command Center
[Assault] Fighting in Command Center
[Assault] Fighting in Command Center
[Assault] Fighting in Security Gate / Checkpoint
[Assault] Fighting in Security Gate / Checkpoint
[Assault] Fighting in Goal Sector

=== ASSAULT REPULSED ===

[Event] Cult Mechanist post-human cell perimeter probe in Hangar A
[Event] Cult Mechanist post-human cell perimeter probe in Security Gate / Checkpoint
[Event] Cult Mechanist post-human cell conduit cut (kinetic) in Maintenance Yard
  -> Consequence: Backup grid drops
  -> Consequence: Signal relays desync
[Warning] Hostile coordination detected.
[Event] Cult Mechanist post-human cell data siphon attempt in Command Center
  -> Consequence: Archive checksum mismatch
[Warning] Hostile coordination detected.
[Event] Cult Mechanist post-human cell sabotage charge in Hangar B
  -> Consequence: Secondary fires in adjacent conduit
[Warning] Hostile coordination detected.
[Event] Cult Mechanist post-human cell sensor jamming in Radar / Control Tower
[Warning] Hostile coordination detected.
[Warning] Hostile coordination detected.
[Event] Cult Mechanist post-human cell sabotage charge in Maintenance Yard
  -> Consequence: Secondary fires in adjacent conduit

=== MAJOR ASSAULT BEGINS ===


[Snapshot]
Time=275 Threat=58.13
Command Center: DMG=26.50 ALERT=66.10 PWR=1.00
Goal Sector: DMG=31.00 ALERT=76.49 PWR=1.00
Main Terminal: DMG=0.00 ALERT=3.13 PWR=1.00
Security Gate / Checkpoint: DMG=22.60 ALERT=58.74 PWR=1.00
Hangar A: DMG=4.20 ALERT=11.00 PWR=0.50
Hangar B: DMG=3.60 ALERT=5.70 PWR=0.50
Fuel Depot: DMG=3.60 ALERT=7.44 PWR=1.00
Radar / Control Tower: DMG=0.00 ALERT=2.36 PWR=0.40
Service Tunnels: DMG=6.20 ALERT=19.94 PWR=0.50
Maintenance Yard: DMG=5.20 ALERT=10.38 PWR=0.50

[Event] Cult Mechanist post-human cell tunnel breach in Service Tunnels
[Assault] Fighting in Security Gate / Checkpoint
[Assault] Fighting in Goal Sector
[Assault] Fighting in Security Gate / Checkpoint
[Assault] Fighting in Security Gate / Checkpoint
[Assault] Fighting in Command Center
[Assault] Fighting in Goal Sector
[Assault] Fighting in Goal Sector
[Assault] Fighting in Security Gate / Checkpoint
[Assault] Fighting in Command Center
[Assault] Fighting in Security Gate / Checkpoint
[Assault] Fighting in Command Center
[Assault] Fighting in Goal Sector
[Assault] Fighting in Security Gate / Checkpoint
[Assault] Fighting in Security Gate / Checkpoint
[Assault] Fighting in Security Gate / Checkpoint
[Assault] Fighting in Security Gate / Checkpoint
[Assault] Fighting in Security Gate / Checkpoint
[Assault] Fighting in Goal Sector
[Assault] Fighting in Security Gate / Checkpoint
[Assault] Fighting in Command Center
[Assault] Fighting in Command Center
[Assault] Fighting in Goal Sector

=== ASSAULT REPULSED ===

[Event] Cult Mechanist post-human cell perimeter probe in Hangar A
  -> Consequence: Cult Mechanist post-human cell tunnel movement detected
[Event] Cult Mechanist post-human cell perimeter probe in Security Gate / Checkpoint
[Event] Cult Mechanist post-human cell sabotage charge in Hangar A
[Warning] Hostile coordination detected.
[Event] Cult Mechanist post-human cell sabotage charge in Service Tunnels
  -> Consequence: Secondary fires in adjacent conduit
[Warning] Hostile coordination detected.
[Warning] Hostile coordination detected.
[Event] Cult Mechanist post-human cell incursion at goal sector in Goal Sector
[Warning] Hostile coordination detected.
[Event] Cult Mechanist post-human cell conduit cut (kinetic) in Service Tunnels
  -> Consequence: Backup grid drops
[Warning] Hostile coordination detected.
[Event] Cult Mechanist post-human cell ignition in fuel stores in Fuel Depot
[Warning] Hostile coordination detected.
[Event] Cult Mechanist post-human cell data siphon attempt in Main Terminal
  -> Consequence: Archive checksum mismatch
[Warning] Hostile coordination detected.
[Warning] Hostile coordination detected.
[Event] Cult Mechanist post-human cell sabotage charge in Hangar B
  -> Consequence: Secondary fires in adjacent conduit
[Warning] Hostile coordination detected.

=== MAJOR ASSAULT BEGINS ===

[Event] Cult Mechanist post-human cell perimeter probe in Hangar A
[Assault] Fighting in Command Center
[Assault] Fighting in Command Center
[Assault] Fighting in Security Gate / Checkpoint
[Assault] Fighting in Security Gate / Checkpoint
[Assault] Fighting in Security Gate / Checkpoint
[Assault] Fighting in Command Center
[Assault] Fighting in Goal Sector
[Assault] Fighting in Command Center
[Assault] Fighting in Security Gate / Checkpoint
[Assault] Fighting in Command Center
[Assault] Fighting in Security Gate / Checkpoint
[Assault] Fighting in Security Gate / Checkpoint
[Assault] Fighting in Command Center
[Assault] Fighting in Security Gate / Checkpoint
[Assault] Fighting in Security Gate / Checkpoint
[Assault] Fighting in Security Gate / Checkpoint
[Assault] Fighting in Security Gate / Checkpoint
[Assault] Fighting in Security Gate / Checkpoint
[Assault] Fighting in Security Gate / Checkpoint
[Assault] Fighting in Command Center
[Assault] Fighting in Goal Sector
[Assault] Fighting in Security Gate / Checkpoint
[Assault] Fighting in Goal Sector
[Assault] Fighting in Security Gate / Checkpoint
[Assault] Fighting in Goal Sector

=== ASSAULT REPULSED ===

[Event] Cult Mechanist post-human cell perimeter probe in Security Gate / Checkpoint
[Event] Cult Mechanist post-human cell sabotage charge in Maintenance Yard
  -> Consequence: Secondary fires in adjacent conduit
[Warning] Hostile coordination detected.
[Warning] Hostile coordination detected.
[Warning] Hostile coordination detected.

[Snapshot]
Time=300 Threat=66.30
Command Center: DMG=28.90 ALERT=76.42 PWR=1.00
Goal Sector: DMG=33.80 ALERT=89.06 PWR=1.00
Main Terminal: DMG=0.00 ALERT=4.28 PWR=1.00
Security Gate / Checkpoint: DMG=27.60 ALERT=73.19 PWR=1.00
Hangar A: DMG=4.80 ALERT=13.51 PWR=0.50
Hangar B: DMG=4.20 ALERT=7.21 PWR=0.50
Fuel Depot: DMG=4.80 ALERT=10.25 PWR=1.00
Radar / Control Tower: DMG=0.00 ALERT=2.11 PWR=0.40
Service Tunnels: DMG=7.20 ALERT=24.70 PWR=0.30
Maintenance Yard: DMG=5.80 ALERT=12.26 PWR=0.50


Simulation ended.

Time=300 Threat=66.30
Command Center: DMG=28.90 ALERT=76.42 PWR=1.00
Goal Sector: DMG=33.80 ALERT=89.06 PWR=1.00
Main Terminal: DMG=0.00 ALERT=4.28 PWR=1.00
Security Gate / Checkpoint: DMG=27.60 ALERT=73.19 PWR=1.00
Hangar A: DMG=4.80 ALERT=13.51 PWR=0.50
Hangar B: DMG=4.20 ALERT=7.21 PWR=0.50
Fuel Depot: DMG=4.80 ALERT=10.25 PWR=1.00
Radar / Control Tower: DMG=0.00 ALERT=2.11 PWR=0.40
Service Tunnels: DMG=7.20 ALERT=24.70 PWR=0.30
Maintenance Yard: DMG=5.80 ALERT=12.26 PWR=0.50
