World simulation started.

Hostile profile: Cult Mechanist bio-remnant cell | Ideology: Cult Mechanists | Tech: crude kinetic weapons


[Snapshot]
Time=25 Threat=0.38
Command Center: DMG=0.00 ALERT=0.00 PWR=1.00
Goal Sector: DMG=0.00 ALERT=0.00 PWR=1.00
Main Terminal: DMG=0.00 ALERT=0.00 PWR=1.00
Security Gate / Checkpoint: DMG=0.00 ALERT=0.00 PWR=1.00
Hangar A: DMG=0.00 ALERT=0.00 PWR=1.00
Hangar B: DMG=0.00 ALERT=0.00 PWR=1.00
Fuel Depot: DMG=0.00 ALERT=0.00 PWR=1.00
Radar / Control Tower: DMG=0.00 ALERT=0.00 PWR=1.00
Service Tunnels: DMG=0.00 ALERT=0.00 PWR=1.00
Maintenance Yard: DMG=0.00 ALERT=0.00 PWR=1.00

[Warning] Hostile coordination detected.
[Warning] Hostile coordination detected.
[Warning] Hostile coordination detected.
[Warning] Hostile coordination detected.
[Warning] Hostile coordination detected.
[Warning] Hostile coordination detected.

=== MAJOR ASSAULT BEGINS ===

[Assault] Fighting in Command Center
[Assault] Fighting in Goal Sector
[Assault] Fighting in Goal Sector
[Assault] Fighting in Main Terminal
[Assault] Fighting in Main Terminal
[Assault] Fighting in Main Terminal
[Assault] Fighting in Goal Sector
[Assault] Fighting in Command Center
[Assault] Fighting in Goal Sector
[Assault] Fighting in Goal Sector
[Assault] Fighting in Goal Sector
[Assault] Fighting in Command Center
[Assault] Fighting in Command Center
[Assault] Fighting in Command Center
[Assault] Fighting in Goal Sector
[Assault] Fighting in Command Center
[Assault] Fighting in Main Terminal
[Assault] Fighting in Command Center
[Assault] Fighting in Goal Sector
[Assault] Fighting in Main Terminal
[Assault] Fighting in Main Terminal
[Assault] Fighting in Main Terminal
[Assault] Fighting in Goal Sector

=== ASSAULT REPULSED ===


[Snapshot]
Time=50 Threat=3.05
Command Center: DMG=1.40 ALERT=2.11 PWR=1.00
Goal Sector: DMG=1.80 ALERT=2.72 PWR=1.00
Main Terminal: DMG=1.40 ALERT=2.11 PWR=1.00
Security Gate / Checkpoint: DMG=0.00 ALERT=0.00 PWR=1.00
Hangar A: DMG=0.00 ALERT=0.00 PWR=1.00
Hangar B: DMG=0.00 ALERT=0.00 PWR=1.00
Fuel Depot: DMG=0.00 ALERT=0.00 PWR=1.00
Radar / Control Tower: DMG=0.00 ALERT=0.00 PWR=1.00
Service Tunnels: DMG=0.00 ALERT=0.00 PWR=1.00
Maintenance Yard: DMG=0.00 ALERT=0.00 PWR=1.00

[Event] Cult Mechanist bio-remnant cell perimeter probe in Hangar A
  -> Consequence: Cult Mechanist bio-remnant cell tunnel movement detected
[Event] Cult Mechanist bio-remnant cell sabotage charge in Hangar A
[Event] Cult Mechanist bio-remnant cell sabotage charge in Service Tunnels
  -> Consequence: Secondary fires in adjacent conduit
[Event] Cult Mechanist bio-remnant cell perimeter probe in Hangar A

[Snapshot]
Time=75 Threat=4.03
Command Center: DMG=1.40 ALERT=2.21 PWR=1.00
Goal Sector: DMG=1.80 ALERT=2.92 PWR=1.00
Main Terminal: DMG=1.40 ALERT=2.21 PWR=1.00
Security Gate / Checkpoint: DMG=0.00 ALERT=0.00 PWR=1.00
Hangar A: DMG=0.60 ALERT=1.45 PWR=0.80
Hangar B: DMG=0.00 ALERT=0.00 PWR=1.00
Fuel Depot: DMG=0.00 ALERT=0.00 PWR=1.00
Radar / Control Tower: DMG=0.00 ALERT=0.00 PWR=1.00
Service Tunnels: DMG=0.60 ALERT=0.76 PWR=0.80
Maintenance Yard: DMG=0.00 ALERT=0.00 PWR=1.00

[Event] Cult Mechanist bio-remnant cell perimeter probe in Hangar A
  -> Consequence: Cult Mechanist bio-remnant cell tunnel movement detected
[Warning] Hostile coordination detected.
[Warning] Hostile coordination detected.
[Warning] Hostile coordination detected.
[Warning] Hostile coordination detected.
[Warning] Hostile coordination detected.
[Warning] Hostile coordination detected.
[Event] Cult Mechanist bio-remnant cell sabotage charge in Hangar B
  -> Consequence: Secondary fires in adjacent conduit

=== MAJOR ASSAULT BEGINS ===

[Assault] Fighting in Main Terminal
[Assault] Fighting in Goal Sector
[Assault] Fighting in Main Terminal
[Assault] Fighting in Main Terminal
[Assault] Fighting in Main Terminal
[Assault] Fighting in Command Center
[Assault] Fighting in Goal Sector
[Assault] Fighting in Command Center
[Assault] Fighting in Main Terminal
[Assault] Fighting in Main Terminal
[Assault] Fighting in Command Center
[Assault] Fighting in Main Terminal
[Assault] Fighting in Goal Sector
[Assault] Fighting in Goal Sector
[Assault] Fighting in Command Center
[Assault] Fighting in Goal Sector
[Assault] Fighting in Main Terminal
[Assault] Fighting in Goal Sector
[Assault] Fighting in Command Center
[Assault] Fighting in Goal Sector
[Assault] Fighting in Main Terminal
[Assault] Fighting in Main Terminal
[Assault] Fighting in Goal Sector
[Assault] Fighting in Goal Sector
[Assault] Fighting in Main Terminal
[Assault] Fighting in Goal Sector
[Assault] Fighting in Goal Sector
[Assault] Fighting in Main Terminal
[Assault] Fighting in Main Terminal
[Assault] Fighting in Command Center

=== ASSAULT REPULSED ===

[Event] Cult Mechanist bio-remnant cell sabotage charge in Maintenance Yard
  -> Consequence: Secondary fires in adjacent conduit
[Event] Cult Mechanist bio-remnant cell conduit cut (kinetic) in Maintenance Yard
  -> Consequence: Backup grid drops
  -> Consequence: Signal relays desync

[Snapshot]
Time=100 Threat=8.00
Command Center: DMG=2.60 ALERT=4.17 PWR=1.00
Goal Sector: DMG=4.00 ALERT=6.53 PWR=1.00
Main Terminal: DMG=4.00 ALERT=6.34 PWR=1.00
Security Gate / Checkpoint: DMG=0.00 ALERT=0.00 PWR=1.00
Hangar A: DMG=0.60 ALERT=1.75 PWR=0.80
Hangar B: DMG=0.60 ALERT=0.78 PWR=0.80
Fuel Depot: DMG=0.00 ALERT=0.00 PWR=1.00
Radar / Control Tower: DMG=0.00 ALERT=0.00 PWR=1.00
Service Tunnels: DMG=0.60 ALERT=0.66 PWR=0.80
Maintenance Yard: DMG=1.00 ALERT=1.78 PWR=0.50

[Event] Cult Mechanist bio-remnant cell sabotage charge in Service Tunnels
[Warning] Hostile coordination detected.
[Warning] Hostile coordination detected.
[Event] Cult Mechanist bio-remnant cell perimeter probe in Hangar A
[Warning] Hostile coordination detected.
[Warning] Hostile coordination detected.
[Warning] Hostile coordination detected.
[Warning] Hostile coordination detected.

=== MAJOR ASSAULT BEGINS ===

[Assault] Fighting in Main Terminal
[Assault] Fighting in Goal Sector
[Assault] Fighting in Command Center
[Assault] Fighting in Main Terminal
[Assault] Fighting in Command Center
[Assault] Fighting in Command Center
[Assault] Fighting in Command Center
[Assault] Fighting in Goal Sector
[Assault] Fighting in Main Terminal
[Assault] Fighting in Command Center
[Assault] Fighting in Command Center
[Assault] Fighting in Goal Sector
[Assault] Fighting in Main Terminal
[Assault] Fighting in Goal Sector
[Assault] Fighting in Goal Sector
[Assault] Fighting in Goal Sector
[Assault] Fighting in Command Center
[Assault] Fighting in Main Terminal
[Assault] Fighting in Command Center
[Assault] Fighting in Main Terminal
[Assault] Fighting in Main Terminal

=== ASSAULT REPULSED ===

[Event] Cult Mechanist bio-remnant cell sensor jamming in Radar / Control Tower
  -> Consequence: Command uplink flickers
[Event] Cult Mechanist bio-remnant cell tunnel breach in Service Tunnels
  -> Consequence: Service access compromised
[Warning] Hostile coordination detected.
[Warning] Hostile coordination detected.
[Warning] Hostile coordination detected.
[Warning] Hostile coordination detected.
[Warning] Hostile coordination detected.
[Warning] Hostile coordination detected.

=== MAJOR ASSAULT BEGINS ===

[Assault] Fighting in Main Terminal
[Assault] Fighting in Main Terminal
[Assault] Fighting in Goal Sector
[Assault] Fighting in Command Center
[Assault] Fighting in Goal Sector
[Assault] Fighting in Command Center
[Assault] Fighting in Goal Sector
[Assault] Fighting in Goal Sector
[Assault] Fighting in Goal Sector
[Assault] Fighting in Goal Sector
[Assault] Fighting in Command Center
[Assault] Fighting in Command Center
[Assault] Fighting in Goal Sector
[Assault] Fighting in Command Center
[Assault] Fighting in Main Terminal
[Assault] Fighting in Main Terminal
[Assault] Fighting in Command Center
[Assault] Fighting in Main Terminal
[Assault] Fighting in Main Terminal
[Assault] Fighting in Main Terminal
[Assault] Fighting in Command Center
[Assault] Fighting in Main Terminal
[Assault] Fighting in Main Terminal
[Assault] Fighting in Command Center
[Assault] Fighting in Main Terminal
[Assault] Fighting in Goal Sector
[Assault] Fighting in Command Center
[Assault] Fighting in Main Terminal
[Assault] Fighting in Main Terminal
[Assault] Fighting in Main Terminal

=== ASSAULT REPULSED ===


[Snapshot]
Time=125 Threat=13.97
Command Center: DMG=6.00 ALERT=9.98 PWR=1.00
Goal Sector: DMG=6.80 ALERT=11.72 PWR=1.00
Main Terminal: DMG=8.00 ALERT=13.39 PWR=1.00
Security Gate / Checkpoint: DMG=0.00 ALERT=0.00 PWR=1.00
Hangar A: DMG=0.60 ALERT=2.05 PWR=0.80
Hangar B: DMG=0.60 ALERT=0.68 PWR=0.80
Fuel Depot: DMG=0.00 ALERT=0.00 PWR=1.00
Radar / Control Tower: DMG=0.00 ALERT=0.75 PWR=0.80
Service Tunnels: DMG=1.20 ALERT=3.00 PWR=0.60
Maintenance Yard: DMG=1.00 ALERT=1.78 PWR=0.50

[Event] Cult Mechanist bio-remnant cell perimeter probe in Security Gate / Checkpoint
  -> Consequence: Cult Mechanist bio-remnant cell tunnel movement detected
[Warning] Hostile coordination detected.
[Warning] Hostile coordination detected.
[Warning] Hostile coordination detected.
[Warning] Hostile coordination detected.
[Event] Cult Mechanist bio-remnant cell perimeter probe in Hangar A
[Warning] Hostile coordination detected.
[Event] Cult Mechanist bio-remnant cell conduit cut (kinetic) in Maintenance Yard
  -> Consequence: Signal relays desync
[Warning] Hostile coordination detected.
[Warning] Hostile coordination detected.
[Warning] Hostile coordination detected.
[Warning] Hostile coordination detected.
[Warning] Hostile coordination detected.

=== MAJOR ASSAULT BEGINS ===

[Event] Cult Mechanist bio-remnant cell sabotage charge in Hangar A
  -> Consequence: Secondary fires in adjacent conduit
[Assault] Fighting in Goal Sector
[Assault] Fighting in Goal Sector
[Assault] Fighting in Command Center
[Assault] Fighting in Main Terminal
[Assault] Fighting in Main Terminal
[Assault] Fighting in Main Terminal
[Assault] Fighting in Main Terminal
[Assault] Fighting in Goal Sector
[Assault] Fighting in Command Center
[Assault] Fighting in Command Center
[Assault] Fighting in Goal Sector
[Assault] Fighting in Main Terminal
[Assault] Fighting in Goal Sector
[Assault] Fighting in Main Terminal
[Assault] Fighting in Main Terminal
[Assault] Fighting in Command Center
[Assault] Fighting in Command Center

=== ASSAULT REPULSED ===

[Warning] Hostile coordination detected.
[Event] Cult Mechanist bio-remnant cell tunnel breach in Service Tunnels
  -> Consequence: Service access compromised
[Warning] Hostile coordination detected.
[Warning] Hostile coordination detected.
[Warning] Hostile coordination detected.
[Event] Cult Mechanist bio-remnant cell sensor jamming in Radar / Control Tower
[Warning] Hostile coordination detected.
[Warning] Hostile coordination detected.

[Snapshot]
Time=150 Threat=16.55
Command Center: DMG=7.00 ALERT=12.84 PWR=1.00
Goal Sector: DMG=7.80 ALERT=14.78 PWR=1.00
Main Terminal: DMG=9.40 ALERT=17.39 PWR=1.00
Security Gate / Checkpoint: DMG=0.00 ALERT=0.16 PWR=1.00
Hangar A: DMG=1.20 ALERT=3.22 PWR=0.60
Hangar B: DMG=0.60 ALERT=0.58 PWR=0.80
Fuel Depot: DMG=0.00 ALERT=0.00 PWR=1.00
Radar / Control Tower: DMG=0.00 ALERT=1.40 PWR=0.60
Service Tunnels: DMG=1.20 ALERT=4.55 PWR=0.60
Maintenance Yard: DMG=1.40 ALERT=2.85 PWR=0.30


=== MAJOR ASSAULT BEGINS ===

[Event] Cult Mechanist bio-remnant cell sabotage charge in Service Tunnels
  -> Consequence: Secondary fires in adjacent conduit
[Assault] Fighting in Main Terminal
[Assault] Fighting in Main Terminal
[Assault] Fighting in Command Center
[Assault] Fighting in Goal Sector
[Assault] Fighting in Goal Sector
[Assault] Fighting in Goal Sector
[Assault] Fighting in Main Terminal
[Assault] Fighting in Command Center
[Assault] Fighting in Goal Sector
[Assault] Fighting in Command Center
[Assault] Fighting in Main Terminal
[Assault] Fighting in Goal Sector
[Assault] Fighting in Command Center
[Assault] Fighting in Goal Sector
[Assault] Fighting in Goal Sector
[Assault] Fighting in Command Center
[Assault] Fighting in Goal Sector
[Assault] Fighting in Main Terminal
[Assault] Fighting in Command Center

=== ASSAULT REPULSED ===

[Event] Cult Mechanist bio-remnant cell perimeter probe in Hangar A
[Event] Cult Mechanist bio-remnant cell sabotage charge in Hangar A
[Warning] Hostile coordination detected.
[Event] Cult Mechanist bio-remnant cell sabotage charge in Maintenance Yard
[Warning] Hostile coordination detected.
[Event] Cult Mechanist bio-remnant cell perimeter probe in Security Gate / Checkpoint
[Warning] Hostile coordination detected.
[Warning] Hostile coordination detected.
[Event] Cult Mechanist bio-remnant cell conduit cut (kinetic) in Maintenance Yard
[Warning] Hostile coordination detected.
[Warning] Hostile coordination detected.
[Warning] Hostile coordination detected.
[Warning] Hostile coordination detected.
[Warning] Hostile coordination detected.
[Event] Cult Mechanist bio-remnant cell perimeter probe in Hangar A

=== MAJOR ASSAULT BEGINS ===

[Assault] Fighting in Main Terminal
[Assault] Fighting in Main Terminal
[Assault] Fighting in Command Center
[Assault] Fighting in Goal Sector
[Assault] Fighting in Command Center
[Assault] Fighting in Main Terminal
[Assault] Fighting in Command Center
[Assault] Fighting in Command Center
[Assault] Fighting in Main Terminal
[Assault] Fighting in Goal Sector
[Assault] Fighting in Main Terminal
[Assault] Fighting in Goal Sector
[Assault] Fighting in Command Center
[Assault] Fighting in Main Terminal
[Assault] Fighting in Goal Sector
[Assault] Fighting in Command Center
[Assault] Fighting in Goal Sector
[Assault] Fighting in Main Terminal
[Assault] Fighting in Goal Sector
[Assault] Fighting in Goal Sector
[Assault] Fighting in Command Center
[Assault] Fighting in Goal Sector
[Assault] Fighting in Command Center
[Assault] Fighting in Main Terminal

=== ASSAULT REPULSED ===

[Event] Cult Mechanist bio-remnant cell data siphon attempt in Main Terminal
  -> Consequence: Archive checksum mismatch
[Event] Cult Mechanist bio-remnant cell sabotage charge in Hangar B
  -> Consequence: Secondary fires in adjacent conduit
[Event] Cult Mechanist bio-remnant cell incursion at goal sector in Goal Sector
[Warning] Hostile coordination detected.
[Event] Cult Mechanist bio-remnant cell sabotage charge in Service Tunnels
[Warning] Hostile coordination detected.

[Snapshot]
Time=175 Threat=23.83
Command Center: DMG=9.80 ALERT=18.93 PWR=1.00
Goal Sector: DMG=11.80 ALERT=23.39 PWR=1.00
Main Terminal: DMG=12.00 ALERT=25.14 PWR=1.00
Security Gate / Checkpoint: DMG=0.00 ALERT=0.31 PWR=1.00
Hangar A: DMG=1.80 ALERT=4.97 PWR=0.50
Hangar B: DMG=1.20 ALERT=1.31 PWR=0.60
Fuel Depot: DMG=0.00 ALERT=0.00 PWR=1.00
Radar / Control Tower: DMG=0.00 ALERT=1.15 PWR=0.60
Service Tunnels: DMG=2.40 ALERT=6.34 PWR=0.50
Maintenance Yard: DMG=2.40 ALERT=4.90 PWR=0.30

[Event] Cult Mechanist bio-remnant cell tunnel breach in Service Tunnels
[Warning] Hostile coordination detected.
[Event] Cult Mechanist bio-remnant cell sabotage charge in Hangar A
[Warning] Hostile coordination detected.
[Warning] Hostile coordination detected.
[Warning] Hostile coordination detected.
[Event] Cult Mechanist bio-remnant cell ignition in fuel stores in Fuel Depot

=== MAJOR ASSAULT BEGINS ===

[Event] Cult Mechanist bio-remnant cell conduit cut (kinetic) in Service Tunnels
  -> Consequence: Backup grid drops
[Assault] Fighting in Main Terminal
[Assault] Fighting in Goal Sector
[Assault] Fighting in Command Center
[Assault] Fighting in Main Terminal
[Assault] Fighting in Goal Sector
[Assault] Fighting in Main Terminal
[Assault] Fighting in Main Terminal
[Assault] Fighting in Main Terminal
[Assault] Fighting in Goal Sector
[Assault] Fighting in Goal Sector
[Assault] Fighting in Goal Sector
[Assault] Fighting in Command Center
[Assault] Fighting in Goal Sector
[Assault] Fighting in Command Center
[Assault] Fighting in Main Terminal
[Assault] Fighting in Goal Sector
[Assault] Fighting in Goal Sector
[Assault] Fighting in Command Center
[Assault] Fighting in Command Center

=== ASSAULT REPULSED ===

[Event] Cult Mechanist bio-remnant cell perimeter probe in Hangar A
  -> Consequence: Cult Mechanist bio-remnant cell tunnel movement detected
[Event] Cult Mechanist bio-remnant cell sabotage charge in Maintenance Yard
[Warning] Hostile coordination detected.
[Warning] Hostile coordination detected.
[Warning] Hostile coordination detected.
[Warning] Hostile coordination detected.
[Warning] Hostile coordination detected.
[Warning] Hostile coordination detected.

=== MAJOR ASSAULT BEGINS ===

[Event] Cult Mechanist bio-remnant cell perimeter probe in Hangar A
  -> Consequence: Cult Mechanist bio-remnant cell tunnel movement detected
[Assault] Fighting in Main Terminal
[Assault] Fighting in Command Center
[Assault] Fighting in Goal Sector
[Assault] Fighting in Main Terminal
[Assault] Fighting in Main Terminal
[Assault] Fighting in Goal Sector
[Assault] Fighting in Main Terminal
[Assault] Fighting in Goal Sector
[Assault] Fighting in Main Terminal
[Assault] Fighting in Main Terminal
[Assault] Fighting in Command Center
[Assault] Fighting in Goal Sector
[Assault] Fighting in Goal Sector
[Assault] Fighting in Command Center
[Assault] Fighting in Goal Sector
[Assault] Fighting in Goal Sector
[Assault] Fighting in Main Terminal
[Assault] Fighting in Command Center
[Assault] Fighting in Main Terminal
[Assault] Fighting in Command Center
[Assault] Fighting in Command Center
[Assault] Fighting in Goal Sector

=== ASSAULT REPULSED ===

[Event] Cult Mechanist bio-remnant cell perimeter probe in Security Gate / Checkpoint
[Event] Cult Mechanist bio-remnant cell sabotage charge in Hangar A
  -> Consequence: Secondary fires in adjacent conduit
[Warning] Hostile coordination detected.

[Snapshot]
Time=200 Threat=30.00
Command Center: DMG=12.00 ALERT=24.69 PWR=1.00
Goal Sector: DMG=15.00 ALERT=31.29 PWR=1.00
Main Terminal: DMG=14.80 ALERT=32.41 PWR=1.00
Security Gate / Checkpoint: DMG=0.00 ALERT=0.46 PWR=1.00
Hangar A: DMG=3.00 ALERT=7.72 PWR=0.50
Hangar B: DMG=1.20 ALERT=1.36 PWR=0.60
Fuel Depot: DMG=1.20 ALERT=2.04 PWR=1.00
Radar / Control Tower: DMG=0.00 ALERT=0.90 PWR=0.60
Service Tunnels: DMG=2.80 ALERT=9.26 PWR=0.30
Maintenance Yard: DMG=3.00 ALERT=6.13 PWR=0.50

[Warning] Hostile coordination detected.
[Event] Cult Mechanist bio-remnant cell sabotage charge in Service Tunnels
  -> Consequence: Secondary fires in adjacent conduit
[Warning] Hostile coordination detected.
[Event] Cult Mechanist bio-remnant cell sabotage charge in Hangar B
  -> Consequence: Secondary fires in adjacent conduit
[Warning] Hostile coordination detected.
[Warning] Hostile coordination detected.
[Warning] Hostile coordination detected.

=== MAJOR ASSAULT BEGINS ===

[Assault] Fighting in Command Center
[Assault] Fighting in Main Terminal
[Assault] Fighting in Goal Sector
[Assault] Fighting in Goal Sector
[Assault] Fighting in Main Terminal
[Assault] Fighting in Command Center
[Assault] Fighting in Command Center
[Assault] Fighting in Command Center
[Assault] Fighting in Main Terminal
[Assault] Fighting in Main Terminal
[Assault] Fighting in Command Center
[Assault] Fighting in Goal Sector
[Assault] Fighting in Main Terminal
[Assault] Fighting in Main Terminal
[Assault] Fighting in Goal Sector
[Assault] Fighting in Goal Sector
[Assault] Fighting in Goal Sector
[Assault] Fighting in Command Center
[Assault] Fighting in Goal Sector
[Assault] Fighting in Command Center
[Assault] Fighting in Command Center
[Assault] Fighting in Main Terminal
[Assault] Fighting in Goal Sector
[Assault] Fighting in Main Terminal
[Assault] Fighting in Goal Sector
[Assault] Fighting in Goal Sector
[Assault] Fighting in Command Center

=== ASSAULT REPULSED ===

[Event] Cult Mechanist bio-remnant cell sabotage charge in Maintenance Yard
  -> Consequence: Secondary fires in adjacent conduit
[Event] Cult Mechanist bio-remnant cell perimeter probe in Security Gate / Checkpoint
[Event] Cult Mechanist bio-remnant cell perimeter probe in Hangar A
  -> Consequence: Cult Mechanist bio-remnant cell tunnel movement detected
[Warning] Hostile coordination detected.
[Event] Cult Mechanist bio-remnant cell sensor jamming in Radar / Control Tower
[Warning] Hostile coordination detected.
[Event] Cult Mechanist bio-remnant cell tunnel breach in Service Tunnels
  -> Consequence: Service access compromised
[Warning] Hostile coordination detected.
[Event] Cult Mechanist bio-remnant cell conduit cut (kinetic) in Service Tunnels
  -> Consequence: Backup grid drops
[Warning] Hostile coordination detected.
[Warning] Hostile coordination detected.
[Event] Cult Mechanist bio-remnant cell conduit cut (kinetic) in Maintenance Yard
  -> Consequence: Signal relays desync
[Warning] Hostile coordination detected.
[Event] Cult Mechanist bio-remnant cell incursion at goal sector in Goal Sector
  -> Consequence: Reconstruction line locked
[Warning] Hostile coordination detected.
[Event] Cult Mechanist bio-remnant cell sabotage charge in Hangar A
  -> Consequence: Secondary fires in adjacent conduit
[Warning] Hostile coordination detected.
[Warning] Hostile coordination detected.
[Warning] Hostile coordination detected.
[Event] Cult Mechanist bio-remnant cell sabotage charge in Hangar B

=== MAJOR ASSAULT BEGINS ===

[Event] Cult Mechanist bio-remnant cell data siphon attempt in Main Terminal
[Assault] Fighting in Goal Sector
[Assault] Fighting in Command Center
[Assault] Fighting in Goal Sector
[Assault] Fighting in Goal Sector
[Assault] Fighting in Command Center
[Assault] Fighting in Command Center
[Assault] Fighting in Command Center
[Assault] Fighting in Goal Sector
[Assault] Fighting in Goal Sector
[Assault] Fighting in Command Center
[Assault] Fighting in Main Terminal
[Assault] Fighting in Goal Sector
[Assault] Fighting in Command Center
[Assault] Fighting in Command Center
[Assault] Fighting in Command Center
[Assault] Fighting in Command Center
[Assault] Fighting in Main Terminal
[Assault] Fighting in Goal Sector
[Assault] Fighting in Goal Sector
[Assault] Fighting in Command Center
[Assault] Fighting in Main Terminal
[Assault] Fighting in Goal Sector
[Assault] Fighting in Command Center
[Assault] Fighting in Main Terminal
[Assault] Fighting in Main Terminal
[Assault] Fighting in Main Terminal
[Assault] Fighting in Command Center
[Assault] Fighting in Command Center
[Assault] Fighting in Goal Sector

=== ASSAULT REPULSED ===


[Snapshot]
Time=225 Threat=38.78
Command Center: DMG=16.40 ALERT=34.39 PWR=1.00
Goal Sector: DMG=19.80 ALERT=42.82 PWR=1.00
Main Terminal: DMG=17.60 ALERT=41.76 PWR=1.00
Security Gate / Checkpoint: DMG=0.00 ALERT=0.61 PWR=1.00
Hangar A: DMG=3.60 ALERT=9.45 PWR=0.50
Hangar B: DMG=2.40 ALERT=3.15 PWR=0.50
Fuel Depot: DMG=1.20 ALERT=2.09 PWR=1.00
Radar / Control Tower: DMG=0.00 ALERT=1.55 PWR=0.40
Service Tunnels: DMG=3.80 ALERT=13.19 PWR=0.30
Maintenance Yard: DMG=4.00 ALERT=8.55 PWR=0.30

[Event] Cult Mechanist bio-remnant cell perimeter probe in Hangar A
  -> Consequence: Cult Mechanist bio-remnant cell tunnel movement detected
[Event] Cult Mechanist bio-remnant cell perimeter probe in Security Gate / Checkpoint
  -> Consequence: Cult Mechanist bio-remnant cell tunnel movement detected
[Event] Cult Mechanist bio-remnant cell sabotage charge in Maintenance Yard
[Event] Cult Mechanist bio-remnant cell ignition in fuel stores in Fuel Depot
[Warning] Hostile coordination detected.
[Warning] Hostile coordination detected.
[Warning] Hostile coordination detected.
[Event] Cult Mechanist bio-remnant cell sabotage charge in Service Tunnels
[Warning] Hostile coordination detected.
[Warning] Hostile coordination detected.
[Event] Cult Mechanist bio-remnant cell sensor jamming in Radar / Control Tower
  -> Consequence: Command uplink flickers
[Warning] Hostile coordination detected.
[Event] Cult Mechanist bio-remnant cell data siphon attempt in Command Center

=== MAJOR ASSAULT BEGINS ===

[Assault] Fighting in Main Terminal
[Assault] Fighting in Command Center
[Assault] Fighting in Command Center
[Assault] Fighting in Command Center
[Assault] Fighting in Main Terminal
[Assault] Fighting in Command Center
[Assault] Fighting in Main Terminal
[Assault] Fighting in Command Center
[Assault] Fighting in Command Center
[Assault] Fighting in Command Center
[Assault] Fighting in Main Terminal
[Assault] Fighting in Goal Sector
[Assault] Fighting in Command Center
[Assault] Fighting in Main Terminal
[Assault] Fighting in Main Terminal
[Assault] Fighting in Main Terminal
[Assault] Fighting in Command Center
[Assault] Fighting in Main Terminal
[Assault] Fighting in Command Center
[Assault] Fighting in Main Terminal
[Assault] Fighting in Main Terminal
[Assault] Fighting in Goal Sector
[Assault] Fighting in Goal Sector
[Assault] Fighting in Command Center
[Assault] Fighting in Main Terminal

=== ASSAULT REPULSED ===

[Event] Cult Mechanist bio-remnant cell sabotage charge in Hangar A
[Event] Cult Mechanist bio-remnant cell perimeter probe in Security Gate / Checkpoint
[Event] Cult Mechanist bio-remnant cell conduit cut (kinetic) in Service Tunnels
  -> Consequence: Backup grid drops
  -> Consequence: Signal relays desync
[Warning] Hostile coordination detected.
[Event] Cult Mechanist bio-remnant cell sabotage charge in Hangar B
  -> Consequence: Secondary fires in adjacent conduit
[Warning] Hostile coordination detected.
[Event] Cult Mechanist bio-remnant cell perimeter probe in Hangar A
  -> Consequence: Cult Mechanist bio-remnant cell tunnel movement detected
[Warning] Hostile coordination detected.
[Warning] Hostile coordination detected.
[Warning] Hostile coordination detected.

=== MAJOR ASSAULT BEGINS ===

[Assault] Fighting in Command Center
[Assault] Fighting in Command Center
[Assault] Fighting in Goal Sector
[Assault] Fighting in Main Terminal
[Assault] Fighting in Command Center
[Assault] Fighting in Command Center
[Assault] Fighting in Command Center
[Assault] Fighting in Main Terminal
[Assault] Fighting in Main Terminal
[Assault] Fighting in Goal Sector
[Assault] Fighting in Command Center
[Assault] Fighting in Goal Sector
[Assault] Fighting in Main Terminal
[Assault] Fighting in Command Center
[Assault] Fighting in Goal Sector
[Assault] Fighting in Command Center
[Assault] Fighting in Main Terminal
[Assault] Fighting in Main Terminal
[Assault] Fighting in Main Terminal
[Assault] Fighting in Command Center
[Assault] Fighting in Command Center
[Assault] Fighting in Command Center
[Assault] Fighting in Goal Sector
[Assault] Fighting in Goal Sector
[Assault] Fighting in Command Center
[Assault] Fighting in Main Terminal
[Assault] Fighting in Command Center

=== ASSAULT REPULSED ===

[Event] Cult Mechanist bio-remnant cell tunnel breach in Service Tunnels
  -> Consequence: Service access compromised

[Snapshot]
Time=250 Threat=47.05
Command Center: DMG=21.50 ALERT=47.24 PWR=1.00
Goal Sector: DMG=21.60 ALERT=50.33 PWR=1.00
Main Terminal: DMG=21.40 ALERT=51.94 PWR=1.00
Security Gate / Checkpoint: DMG=0.00 ALERT=1.16 PWR=1.00
Hangar A: DMG=4.20 ALERT=11.77 PWR=0.50
Hangar B: DMG=3.00 ALERT=4.35 PWR=0.50
Fuel Depot: DMG=2.40 ALERT=4.38 PWR=1.00
Radar / Control Tower: DMG=0.00 ALERT=2.20 PWR=0.40
Service Tunnels: DMG=4.80 ALERT=17.33 PWR=0.30
Maintenance Yard: DMG=4.60 ALERT=10.23 PWR=0.50

[Event] Cult Mechanist bio-remnant cell sabotage charge in Service Tunnels
  -> Consequence: Secondary fires in adjacent conduit
[Event] Cult Mechanist bio-remnant cell perimeter probe in Security Gate / Checkpoint
  -> Consequence: Cult Mechanist bio-remnant cell tunnel movement detected
[Warning] Hostile coordination detected.
[Warning] Hostile coordination detected.
[Warning] Hostile coordination detected.
[Event] Cult Mechanist bio-remnant cell sabotage charge in Maintenance Yard
[Warning] Hostile coordination detected.
[Event] Cult Mechanist bio-remnant cell conduit cut (kinetic) in Maintenance Yard
  -> Consequence: Backup grid drops
  -> Consequence: Signal relays desync
[Warning] Hostile coordination detected.
[Event] Cult Mechanist bio-remnant cell perimeter probe in Hangar A
[Warning] Hostile coordination detected.
[Event] Cult Mechanist bio-remnant cell data siphon attempt in Main Terminal
[Warning] Hostile coordination detected.
[Warning] Hostile coordination detected.
[Event] Cult Mechanist bio-remnant cell sabotage charge in Hangar A
[Warning] Hostile coordination detected.
[Event] Cult Mechanist bio-remnant cell sensor jamming in Radar / Control Tower

=== MAJOR ASSAULT BEGINS ===

[Event] Cult Mechanist bio-remnant cell conduit cut (kinetic) in Service Tunnels
  -> Consequence: Backup grid drops
[Assault] Fighting in Goal Sector
[Assault] Fighting in Goal Sector
[Assault] Fighting in Main Terminal
[Assault] Fighting in Goal Sector
[Assault] Fighting in Command Center
[Assault] Fighting in Command Center
[Assault] Fighting in Command Center
[Assault] Fighting in Main Terminal
[Assault] Fighting in Goal Sector
[Assault] Fighting in Command Center
[Assault] Fighting in Goal Sector
[Assault] Fighting in Goal Sector
[Assault] Fighting in Main Terminal
[Assault] Fighting in Main Terminal
[Assault] Fighting in Main Terminal
[Assault] Fighting in Command Center
[Assault] Fighting in Goal Sector
[Assault] Fighting in Command Center
[Assault] Fighting in Goal Sector
[Assault] Fighting in Goal Sector
[Assault] Fighting in Goal Sector
[Assault] Fighting in Main Terminal
[Assault] Fighting in Goal Sector
[Assault] Fighting in Command Center

=== ASSAULT REPULSED ===

[Event] Cult Mechanist bio-remnant cell sabotage charge in Hangar B
  -> Consequence: Secondary fires in adjacent conduit
[Event] Cult Mechanist bio-remnant cell perimeter probe in Security Gate / Checkpoint
  -> Consequence: Cult Mechanist bio-remnant cell tunnel movement detected
[Warning] Hostile coordination detected.
[Warning] Hostile coordination detected.
[Warning] Hostile coordination detected.
[Warning] Hostile coordination detected.
[Warning] Hostile coordination detected.
[Warning] Hostile coordination detected.

=== MAJOR ASSAULT BEGINS ===


[Snapshot]
Time=275 Threat=51.73
Command Center: DMG=22.90 ALERT=54.64 PWR=1.00
Goal Sector: DMG=23.80 ALERT=59.04 PWR=1.00
Main Terminal: DMG=22.60 ALERT=60.39 PWR=1.00
Security Gate / Checkpoint: DMG=0.00 ALERT=1.71 PWR=1.00
Hangar A: DMG=4.80 ALERT=13.85 PWR=0.50
Hangar B: DMG=3.60 ALERT=5.70 PWR=0.50
Fuel Depot: DMG=2.40 ALERT=4.73 PWR=1.00
Radar / Control Tower: DMG=0.00 ALERT=2.85 PWR=0.40
Service Tunnels: DMG=5.80 ALERT=20.27 PWR=0.30
Maintenance Yard: DMG=5.60 ALERT=13.12 PWR=0.30

[Assault] Fighting in Goal Sector
[Assault] Fighting in Command Center
[Assault] Fighting in Command Center
[Assault] Fighting in Goal Sector
[Assault] Fighting in Main Terminal
[Assault] Fighting in Main Terminal
[Assault] Fighting in Main Terminal
[Assault] Fighting in Command Center
[Assault] Fighting in Goal Sector
[Assault] Fighting in Goal Sector
[Assault] Fighting in Goal Sector
[Assault] Fighting in Main Terminal
[Assault] Fighting in Main Terminal
[Assault] Fighting in Goal Sector
[Assault] Fighting in Goal Sector
[Assault] Fighting in Command Center
[Assault] Fighting in Command Center
[Assault] Fighting in Command Center
[Assault] Fighting in Main Terminal
[Assault] Fighting in Goal Sector
[Assault] Fighting in Goal Sector
[Assault] Fighting in Goal Sector
[Assault] Fighting in Command Center
[Assault] Fighting in Command Center
[Assault] Fighting in Main Terminal

=== ASSAULT REPULSED ===

[Event] Cult Mechanist bio-remnant cell sabotage charge in Service Tunnels
  -> Consequence: Secondary fires in adjacent conduit
[Event] Cult Mechanist bio-remnant cell perimeter probe in Hangar A
[Event] Cult Mechanist bio-remnant cell tunnel breach in Service Tunnels
  -> Consequence: Service access compromised
[Event] Cult Mechanist bio-remnant cell sabotage charge in Hangar A
[Warning] Hostile coordination detected.
[Warning] Hostile coordination detected.
[Warning] Hostile coordination detected.
[Event] Cult Mechanist bio-remnant cell sensor jamming in Radar / Control Tower
[Warning] Hostile coordination detected.
[Event] Cult Mechanist bio-remnant cell conduit cut (kinetic) in Maintenance Yard
  -> Consequence: Backup grid drops
[Warning] Hostile coordination detected.
[Warning] Hostile coordination detected.
[Warning] Hostile coordination detected.
[Warning] Hostile coordination detected.
[Warning] Hostile coordination detected.
[Event] Cult Mechanist bio-remnant cell sabotage charge in Maintenance Yard
  -> Consequence: Secondary fires in adjacent conduit

=== MAJOR ASSAULT BEGINS ===

[Event] Cult Mechanist bio-remnant cell conduit cut (kinetic) in Service Tunnels
  -> Consequence: Backup grid drops
  -> Consequence: Signal relays desync
[Assault] Fighting in Main Terminal
[Assault] Fighting in Main Terminal
[Assault] Fighting in Main Terminal
[Assault] Fighting in Command Center
[Assault] Fighting in Goal Sector
[Assault] Fighting in Command Center
[Assault] Fighting in Main Terminal
[Assault] Fighting in Main Terminal
[Assault] Fighting in Command Center
[Assault] Fighting in Command Center
[Assault] Fighting in Main Terminal
[Assault] Fighting in Main Terminal
[Assault] Fighting in Command Center
[Assault] Fighting in Main Terminal
[Assault] Fighting in Goal Sector
[Assault] Fighting in Command Center
[Assault] Fighting in Command Center
[Assault] Fighting in Main Terminal
[Assault] Fighting in Command Center
[Assault] Fighting in Command Center
[Assault] Fighting in Main Terminal
[Assault] Fighting in Goal Sector
[Assault] Fighting in Command Center
[Assault] Fighting in Goal Sector
[Assault] Fighting in Goal Sector
[Assault] Fighting in Command Center

=== ASSAULT REPULSED ===

[Event] Cult Mechanist bio-remnant cell data siphon attempt in Main Terminal
  -> Consequence: Archive checksum mismatch
[Event] Cult Mechanist bio-remnant cell perimeter probe in Hangar A
[Event] Cult Mechanist bio-remnant cell sabotage charge in Service Tunnels
[Warning] Hostile coordination detected.
[Event] Cult Mechanist bio-remnant cell ignition in fuel stores in Fuel Depot
[Warning] Hostile coordination detected.
[Event] Cult Mechanist bio-remnant cell sabotage charge in Hangar B
  -> Consequence: Secondary fires in adjacent conduit
[Warning] Hostile coordination detected.

[Snapshot]
Time=300 Threat=60.20
Command Center: DMG=26.70 ALERT=66.37 PWR=1.00
Goal Sector: DMG=26.80 ALERT=69.80 PWR=1.00
Main Terminal: DMG=26.00 ALERT=72.78 PWR=1.00
Security Gate / Checkpoint: DMG=0.00 ALERT=1.46 PWR=1.00
Hangar A: DMG=5.40 ALERT=16.52 PWR=0.50
Hangar B: DMG=4.20 ALERT=7.15 PWR=0.50
Fuel Depot: DMG=3.60 ALERT=7.09 PWR=1.00
Radar / Control Tower: DMG=0.00 ALERT=3.50 PWR=0.40
Service Tunnels: DMG=7.40 ALERT=25.75 PWR=0.50
Maintenance Yard: DMG=6.60 ALERT=16.18 PWR=0.50


Simulation ended.

Time=300 Threat=60.20
Command Center: DMG=26.70 ALERT=66.37 PWR=1.00
Goal Sector: DMG=26.80 ALERT=69.80 PWR=1.00
Main Terminal: DMG=26.00 ALERT=72.78 PWR=1.00
Security Gate / Checkpoint: DMG=0.00 ALERT=1.46 PWR=1.00
Hangar A: DMG=5.40 ALERT=16.52 PWR=0.50
Hangar B: DMG=4.20 ALERT=7.15 PWR=0.50
Fuel Depot: DMG=3.60 ALERT=7.09 PWR=1.00
Radar / Control Tower: DMG=0.00 ALERT=3.50 PWR=0.40
Service Tunnels: DMG=7.40 ALERT=25.75 PWR=0.50
Maintenance Yard: DMG=6.60 ALERT=16.18 PWR=0.50
