World simulation started.

[Status] Things seem quiet enough. You think it's safe to make a run.
[Status] Things seem quiet enough. You think it's safe to make a run.
[Ambient] A lone scavenger probes the outer fence.
[Status] Things seem quiet enough. You think it's safe to make a run.
[Warning] Sensors pick up chaotic movement beyond the perimeter.
[Warning] Sensors pick up chaotic movement beyond the perimeter.

=== MAJOR ASSAULT BEGINS ===
Multiple hostile groups converge on the base.

[Assault] Engagement ongoing... (1/19)
[Assault] Engagement ongoing... (2/19)
[Assault] Engagement ongoing... (3/19)
[Assault] Engagement ongoing... (4/19)
[Assault] Engagement ongoing... (5/19)
[Assault] Engagement ongoing... (6/19)
[Assault] Engagement ongoing... (7/19)
[Assault] Infrastructure damage reported.
[Assault] Engagement ongoing... (8/19)
[Assault] Infrastructure damage reported.
[Assault] Engagement ongoing... (9/19)
[Assault] Engagement ongoing... (10/19)
[Assault] Infrastructure damage reported.
[Assault] Engagement ongoing... (11/19)
[Assault] Engagement ongoing... (12/19)
[Assault] Infrastructure damage reported.
[Assault] Engagement ongoing... (13/19)
[Assault] Engagement ongoing... (14/19)
[Assault] Engagement ongoing... (15/19)
[Assault] Engagement ongoing... (16/19)
[Assault] Engagement ongoing... (17/19)
[Assault] Engagement ongoing... (18/19)
[Assault] Engagement ongoing... (19/19)
[Assault] Infrastructure damage reported.

=== ASSAULT REPULSED ===

[Ambient] A lone scavenger probes the outer fence.
[Status] The area feels unstable. A run would be risky.
[Ambient] Someone trips a mine near the runway.
[Ambient] Scavengers strip exposed equipment and vanish.
[Ambient] A saboteur interferes with old wiring.
[Warning] Sensors pick up chaotic movement beyond the perimeter.
[Warning] Sensors pick up chaotic movement beyond the perimeter.
[Warning] Sensors pick up chaotic movement beyond the perimeter.
[Status] The area feels unstable. A run would be risky.
[Ambient] A lone scavenger probes the outer fence.
[Warning] Sensors pick up chaotic movement beyond the perimeter.

=== MAJOR ASSAULT BEGINS ===
Multiple hostile groups converge on the base.

[Assault] Engagement ongoing... (1/30)
[Assault] Engagement ongoing... (2/30)
[Assault] Engagement ongoing... (3/30)
[Assault] Engagement ongoing... (4/30)
[Assault] Engagement ongoing... (5/30)
[Assault] Engagement ongoing... (6/30)
[Assault] Engagement ongoing... (7/30)
[Assault] Infrastructure damage reported.
[Assault] Engagement ongoing... (8/30)
[Assault] Engagement ongoing... (9/30)
[Assault] Engagement ongoing... (10/30)
[Assault] Infrastructure damage reported.
[Assault] Engagement ongoing... (11/30)
[Assault] Infrastructure damage reported.
[Assault] Engagement ongoing... (12/30)
[Assault] Infrastructure damage reported.
[Assault] Engagement ongoing... (13/30)
[Assault] Engagement ongoing... (14/30)
[Assault] Infrastructure damage reported.
[Assault] Engagement ongoing... (15/30)
[Assault] Engagement ongoing... (16/30)
[Assault] Engagement ongoing... (17/30)
[Assault] Engagement ongoing... (18/30)
[Assault] Engagement ongoing... (19/30)
[Assault] Engagement ongoing... (20/30)
[Assault] Engagement ongoing... (21/30)
[Assault] Engagement ongoing... (22/30)
[Assault] Engagement ongoing... (23/30)
[Assault] Engagement ongoing... (24/30)
[Assault] Engagement ongoing... (25/30)
[Assault] Engagement ongoing... (26/30)
[Assault] Infrastructure damage reported.
[Assault] Engagement ongoing... (27/30)
[Assault] Engagement ongoing... (28/30)
[Assault] Infrastructure damage reported.
[Assault] Engagement ongoing... (29/30)
[Assault] Engagement ongoing... (30/30)
[Assault] Infrastructure damage reported.

=== ASSAULT REPULSED ===

[Ambient] Someone trips a mine near the runway.
[Ambient] Distant fires suggest hostiles gathering beyond the perimeter.
[Warning] Sensors pick up chaotic movement beyond the perimeter.
[Warning] Sensors pick up chaotic movement beyond the perimeter.
[Warning] Sensors pick up chaotic movement beyond the perimeter.
[Ambient] A saboteur interferes with old wiring.
[Ambient] A lone scavenger probes the outer fence.
[Warning] Sensors pick up chaotic movement beyond the perimeter.
[Ambient] Scavengers strip exposed equipment and vanish.
[Status] The area feels unstable. A run would be risky.

=== MAJOR ASSAULT BEGINS ===
Multiple hostile groups converge on the base.

[Assault] Engagement ongoing... (1/30)
[Assault] Engagement ongoing... (2/30)
[Assault] Engagement ongoing... (3/30)
[Assault] Engagement ongoing... (4/30)
[Assault] Engagement ongoing... (5/30)
[Assault] Infrastructure damage reported.
[Assault] Engagement ongoing... (6/30)
[Assault] Engagement ongoing... (7/30)
[Assault] Infrastructure damage reported.
[Assault] Engagement ongoing... (8/30)
[Assault] Engagement ongoing... (9/30)
[Assault] Engagement ongoing... (10/30)
[Assault] Engagement ongoing... (11/30)
[Assault] Engagement ongoing... (12/30)
[Assault] Engagement ongoing... (13/30)
[Assault] Engagement ongoing... (14/30)
[Assault] Engagement ongoing... (15/30)
[Assault] Engagement ongoing... (16/30)
[Assault] Infrastructure damage reported.
[Assault] Engagement ongoing... (17/30)
[Assault] Infrastructure damage reported.
[Assault] Engagement ongoing... (18/30)
[Assault] Infrastructure damage reported.
[Assault] Engagement ongoing... (19/30)
[Assault] Engagement ongoing... (20/30)
[Assault] Engagement ongoing... (21/30)
[Assault] Engagement ongoing... (22/30)
[Assault] Infrastructure damage reported.
[Assault] Engagement ongoing... (23/30)
[Assault] Infrastructure damage reported.
[Assault] Engagement ongoing... (24/30)
[Assault] Engagement ongoing... (25/30)
[Assault] Infrastructure damage reported.
[Assault] Engagement ongoing... (26/30)
[Assault] Engagement ongoing... (27/30)
[Assault] Engagement ongoing... (28/30)
[Assault] Engagement ongoing... (29/30)
[Assault] Engagement ongoing... (30/30)

=== ASSAULT REPULSED ===

[Ambient] Someone trips a mine near the runway.
[Ambient] A lone scavenger probes the outer fence.
[Warning] Sensors pick up chaotic movement beyond the perimeter.

=== MAJOR ASSAULT BEGINS ===
Multiple hostile groups converge on the base.

[Assault] Engagement ongoing... (1/22)
[Assault] Infrastructure damage reported.
[Assault] Engagement ongoing... (2/22)
[Assault] Engagement ongoing... (3/22)
[Assault] Engagement ongoing... (4/22)
[Assault] Infrastructure damage reported.
[Assault] Engagement ongoing... (5/22)
[Assault] Engagement ongoing... (6/22)
[Assault] Infrastructure damage reported.
[Assault] Engagement ongoing... (7/22)
[Assault] Infrastructure damage reported.
[Assault] Engagement ongoing... (8/22)
[Assault] Engagement ongoing... (9/22)
[Assault] Engagement ongoing... (10/22)
[Assault] Engagement ongoing... (11/22)
[Assault] Engagement ongoing... (12/22)
[Assault] Engagement ongoing... (13/22)
[Assault] Engagement ongoing... (14/22)
[Assault] Engagement ongoing... (15/22)
[Assault] Engagement ongoing... (16/22)
[Assault] Engagement ongoing... (17/22)
[Assault] Engagement ongoing... (18/22)
[Assault] Infrastructure damage reported.
[Assault] Engagement ongoing... (19/22)
[Assault] Engagement ongoing... (20/22)
[Assault] Infrastructure damage reported.
[Assault] Engagement ongoing... (21/22)
[Assault] Engagement ongoing... (22/22)

=== ASSAULT REPULSED ===

[Status] The area feels unstable. A run would be risky.
[Ambient] A saboteur interferes with old wiring.
[Warning] Sensors pick up chaotic movement beyond the perimeter.
[Warning] Sensors pick up chaotic movement beyond the perimeter.
[Warning] Sensors pick up chaotic movement beyond the perimeter.
[Warning] Sensors pick up chaotic movement beyond the perimeter.
[Ambient] Someone trips a mine near the runway.
[Ambient] A lone scavenger probes the outer fence.

=== MAJOR ASSAULT BEGINS ===
Multiple hostile groups converge on the base.

[Ambient] Distant fires suggest hostiles gathering beyond the perimeter.
[Assault] Engagement ongoing... (1/24)
[Assault] Engagement ongoing... (2/24)
[Assault] Engagement ongoing... (3/24)
[Assault] Engagement ongoing... (4/24)
[Assault] Engagement ongoing... (5/24)
[Assault] Engagement ongoing... (6/24)
[Assault] Engagement ongoing... (7/24)
[Assault] Infrastructure damage reported.
[Assault] Engagement ongoing... (8/24)
[Assault] Engagement ongoing... (9/24)
[Assault] Engagement ongoing... (10/24)
[Assault] Engagement ongoing... (11/24)
[Assault] Infrastructure damage reported.
[Assault] Engagement ongoing... (12/24)
[Assault] Engagement ongoing... (13/24)
[Assault] Engagement ongoing... (14/24)
[Assault] Engagement ongoing... (15/24)
[Assault] Infrastructure damage reported.
[Assault] Engagement ongoing... (16/24)
[Assault] Engagement ongoing... (17/24)
[Assault] Engagement ongoing... (18/24)
[Assault] Engagement ongoing... (19/24)
[Assault] Engagement ongoing... (20/24)
[Assault] Engagement ongoing... (21/24)
[Assault] Engagement ongoing... (22/24)
[Assault] Infrastructure damage reported.
[Assault] Engagement ongoing... (23/24)
[Assault] Engagement ongoing... (24/24)

=== ASSAULT REPULSED ===

[Ambient] Scavengers strip exposed equipment and vanish.
[Warning] Sensors pick up chaotic movement beyond the perimeter.
[Status] The area feels unstable. A run would be risky.
[Warning] Sensors pick up chaotic movement beyond the perimeter.

=== MAJOR ASSAULT BEGINS ===
Multiple hostile groups converge on the base.

[Ambient] A lone scavenger probes the outer fence.
[Assault] Engagement ongoing... (1/27)
[Assault] Engagement ongoing... (2/27)
[Assault] Infrastructure damage reported.
[Assault] Engagement ongoing... (3/27)
[Assault] Engagement ongoing... (4/27)
[Assault] Engagement ongoing... (5/27)
[Assault] Infrastructure damage reported.
[Assault] Engagement ongoing... (6/27)
[Assault] Engagement ongoing... (7/27)
[Assault] Engagement ongoing... (8/27)
[Assault] Engagement ongoing... (9/27)
[Assault] Engagement ongoing... (10/27)
[Assault] Infrastructure damage reported.
[Assault] Engagement ongoing... (11/27)
[Assault] Engagement ongoing... (12/27)
[Assault] Infrastructure damage reported.
[Assault] Engagement ongoing... (13/27)
[Assault] Engagement ongoing... (14/27)
[Assault] Engagement ongoing... (15/27)
[Assault] Engagement ongoing... (16/27)
[Assault] Infrastructure damage reported.
[Assault] Engagement ongoing... (17/27)
[Assault] Engagement ongoing... (18/27)
[Assault] Engagement ongoing... (19/27)
[Assault] Engagement ongoing... (20/27)
[Assault] Engagement ongoing... (21/27)
[Assault] Engagement ongoing... (22/27)
[Assault] Engagement ongoing... (23/27)
[Assault] Engagement ongoing... (24/27)
[Assault] Engagement ongoing... (25/27)
[Assault] Engagement ongoing... (26/27)
[Assault] Engagement ongoing... (27/27)

=== ASSAULT REPULSED ===

[Ambient] Someone trips a mine near the runway.
[Ambient] A saboteur interferes with old wiring.
[Warning] Sensors pick up chaotic movement beyond the perimeter.
[Warning] Sensors pick up chaotic movement beyond the perimeter.

=== MAJOR ASSAULT BEGINS ===
Multiple hostile groups converge on the base.

[Assault] Engagement ongoing... (1/28)
[Assault] Engagement ongoing... (2/28)
[Assault] Engagement ongoing... (3/28)
[Assault] Infrastructure damage reported.
[Assault] Engagement ongoing... (4/28)
[Assault] Engagement ongoing... (5/28)
[Assault] Engagement ongoing... (6/28)
[Assault] Engagement ongoing... (7/28)
[Assault] Engagement ongoing... (8/28)
[Assault] Infrastructure damage reported.
[Assault] Engagement ongoing... (9/28)
[Assault] Infrastructure damage reported.
[Assault] Engagement ongoing... (10/28)
[Assault] Infrastructure damage reported.
[Assault] Engagement ongoing... (11/28)
[Assault] Engagement ongoing... (12/28)
[Assault] Engagement ongoing... (13/28)
[Assault] Engagement ongoing... (14/28)
[Assault] Engagement ongoing... (15/28)
[Assault] Engagement ongoing... (16/28)
[Assault] Infrastructure damage reported.
[Assault] Engagement ongoing... (17/28)
[Assault] Engagement ongoing... (18/28)
[Assault] Engagement ongoing... (19/28)
[Assault] Engagement ongoing... (20/28)
[Assault] Engagement ongoing... (21/28)
[Assault] Engagement ongoing... (22/28)
[Assault] Engagement ongoing... (23/28)
[Assault] Engagement ongoing... (24/28)
[Assault] Infrastructure damage reported.
[Assault] Engagement ongoing... (25/28)
[Assault] Engagement ongoing... (26/28)
[Assault] Engagement ongoing... (27/28)
[Assault] Infrastructure damage reported.
[Assault] Engagement ongoing... (28/28)

=== ASSAULT REPULSED ===

[Status] The area feels unstable. A run would be risky.
[Ambient] Scavengers strip exposed equipment and vanish.
[Ambient] A lone scavenger probes the outer fence.
[Warning] Sensors pick up chaotic movement beyond the perimeter.
[Warning] Sensors pick up chaotic movement beyond the perimeter.
[Warning] Sensors pick up chaotic movement beyond the perimeter.
[Ambient] Someone trips a mine near the runway.
[Warning] Sensors pick up chaotic movement beyond the perimeter.
[Ambient] Distant fires suggest hostiles gathering beyond the perimeter.
[Warning] Sensors pick up chaotic movement beyond the perimeter.

=== MAJOR ASSAULT BEGINS ===
Multiple hostile groups converge on the base.

[Assault] Engagement ongoing... (1/30)
[Assault] Engagement ongoing... (2/30)
[Assault] Infrastructure damage reported.
[Assault] Engagement ongoing... (3/30)
[Assault] Infrastructure damage reported.
[Assault] Engagement ongoing... (4/30)
[Assault] Engagement ongoing... (5/30)
[Assault] Engagement ongoing... (6/30)
[Assault] Engagement ongoing... (7/30)
[Assault] Engagement ongoing... (8/30)
[Assault] Engagement ongoing... (9/30)
[Assault] Infrastructure damage reported.
[Assault] Engagement ongoing... (10/30)
[Assault] Engagement ongoing... (11/30)
[Assault] Engagement ongoing... (12/30)
[Assault] Infrastructure damage reported.
[Assault] Engagement ongoing... (13/30)
[Assault] Engagement ongoing... (14/30)
[Assault] Engagement ongoing... (15/30)
[Assault] Engagement ongoing... (16/30)
[Assault] Infrastructure damage reported.
[Assault] Engagement ongoing... (17/30)
[Assault] Infrastructure damage reported.
[Assault] Engagement ongoing... (18/30)
[Assault] Engagement ongoing... (19/30)
[Assault] Engagement ongoing... (20/30)
[Assault] Engagement ongoing... (21/30)
[Assault] Infrastructure damage reported.
[Assault] Engagement ongoing... (22/30)
[Assault] Infrastructure damage reported.
[Assault] Engagement ongoing... (23/30)
[Assault] Engagement ongoing... (24/30)
[Assault] Engagement ongoing... (25/30)
[Assault] Infrastructure damage reported.
[Assault] Engagement ongoing... (26/30)
[Assault] Infrastructure damage reported.
[Assault] Engagement ongoing... (27/30)
[Assault] Engagement ongoing... (28/30)
[Assault] Engagement ongoing... (29/30)
[Assault] Engagement ongoing... (30/30)

=== ASSAULT REPULSED ===

[Ambient] A saboteur interferes with old wiring.
[Ambient] A lone scavenger probes the outer fence.
[Warning] Sensors pick up chaotic movement beyond the perimeter.
[Status] The area feels unstable. A run would be risky.
[Warning] Sensors pick up chaotic movement beyond the perimeter.
[Warning] Sensors pick up chaotic movement beyond the perimeter.
[Ambient] Someone trips a mine near the runway.

=== MAJOR ASSAULT BEGINS ===
Multiple hostile groups converge on the base.

[Assault] Engagement ongoing... (1/17)
[Assault] Engagement ongoing... (2/17)
[Assault] Engagement ongoing... (3/17)
[Assault] Engagement ongoing... (4/17)
[Assault] Engagement ongoing... (5/17)
[Assault] Engagement ongoing... (6/17)
[Assault] Engagement ongoing... (7/17)
[Assault] Engagement ongoing... (8/17)
[Assault] Engagement ongoing... (9/17)
[Assault] Engagement ongoing... (10/17)
[Assault] Infrastructure damage reported.
[Assault] Engagement ongoing... (11/17)
[Assault] Engagement ongoing... (12/17)
[Assault] Engagement ongoing... (13/17)
[Assault] Infrastructure damage reported.
[Assault] Engagement ongoing... (14/17)
[Assault] Infrastructure damage reported.
[Assault] Engagement ongoing... (15/17)
[Assault] Engagement ongoing... (16/17)
[Assault] Engagement ongoing... (17/17)

=== ASSAULT REPULSED ===

[Ambient] Scavengers strip exposed equipment and vanish.
[Warning] Sensors pick up chaotic movement beyond the perimeter.
[Warning] Sensors pick up chaotic movement beyond the perimeter.
[Ambient] A lone scavenger probes the outer fence.
[Warning] Sensors pick up chaotic movement beyond the perimeter.
[Status] The area feels unstable. A run would be risky.
[Ambient] A saboteur interferes with old wiring.
[Warning] Sensors pick up chaotic movement beyond the perimeter.
[Warning] Sensors pick up chaotic movement beyond the perimeter.

=== MAJOR ASSAULT BEGINS ===
Multiple hostile groups converge on the base.

[Assault] Engagement ongoing... (1/27)
[Assault] Engagement ongoing... (2/27)
[Assault] Engagement ongoing... (3/27)
[Assault] Engagement ongoing... (4/27)
[Assault] Infrastructure damage reported.
[Assault] Engagement ongoing... (5/27)
[Assault] Engagement ongoing... (6/27)
[Assault] Engagement ongoing... (7/27)
[Assault] Engagement ongoing... (8/27)
[Assault] Infrastructure damage reported.
[Assault] Engagement ongoing... (9/27)
[Assault] Infrastructure damage reported.
[Assault] Engagement ongoing... (10/27)
[Assault] Infrastructure damage reported.
[Assault] Engagement ongoing... (11/27)
[Assault] Engagement ongoing... (12/27)
[Assault] Engagement ongoing... (13/27)
[Assault] Engagement ongoing... (14/27)
[Assault] Infrastructure damage reported.
[Assault] Engagement ongoing... (15/27)
[Assault] Infrastructure damage reported.
[Assault] Engagement ongoing... (16/27)
[Assault] Engagement ongoing... (17/27)
[Assault] Engagement ongoing... (18/27)
[Assault] Infrastructure damage reported.
[Assault] Engagement ongoing... (19/27)
[Assault] Infrastructure damage reported.
[Assault] Engagement ongoing... (20/27)
[Assault] Engagement ongoing... (21/27)
[Assault] Engagement ongoing... (22/27)
[Assault] Engagement ongoing... (23/27)
[Assault] Engagement ongoing... (24/27)
[Assault] Engagement ongoing... (25/27)
[Assault] Infrastructure damage reported.
[Assault] Engagement ongoing... (26/27)
[Assault] Engagement ongoing... (27/27)

=== ASSAULT REPULSED ===

[Ambient] Someone trips a mine near the runway.
[Ambient] Distant fires suggest hostiles gathering beyond the perimeter.
[Ambient] A lone scavenger probes the outer fence.
[Warning] Sensors pick up chaotic movement beyond the perimeter.
[Warning] Sensors pick up chaotic movement beyond the perimeter.
[Warning] Sensors pick up chaotic movement beyond the perimeter.
[Status] The area feels unstable. A run would be risky.
[Ambient] Scavengers strip exposed equipment and vanish.
[Warning] Sensors pick up chaotic movement beyond the perimeter.
[Warning] Sensors pick up chaotic movement beyond the perimeter.

=== MAJOR ASSAULT BEGINS ===
Multiple hostile groups converge on the base.

[Assault] Engagement ongoing... (1/23)
[Assault] Engagement ongoing... (2/23)
[Assault] Engagement ongoing... (3/23)
[Assault] Infrastructure damage reported.
[Assault] Engagement ongoing... (4/23)
[Assault] Engagement ongoing... (5/23)
[Assault] Infrastructure damage reported.
[Assault] Engagement ongoing... (6/23)
[Assault] Engagement ongoing... (7/23)
[Assault] Engagement ongoing... (8/23)
[Assault] Infrastructure damage reported.
[Assault] Engagement ongoing... (9/23)
[Assault] Engagement ongoing... (10/23)
[Assault] Infrastructure damage reported.
[Assault] Engagement ongoing... (11/23)
[Assault] Engagement ongoing... (12/23)
[Assault] Engagement ongoing... (13/23)
[Assault] Engagement ongoing... (14/23)
[Assault] Engagement ongoing... (15/23)
[Assault] Engagement ongoing... (16/23)
[Assault] Engagement ongoing... (17/23)
[Assault] Engagement ongoing... (18/23)
[Assault] Engagement ongoing... (19/23)
[Assault] Engagement ongoing... (20/23)
[Assault] Engagement ongoing... (21/23)
[Assault] Engagement ongoing... (22/23)
[Assault] Engagement ongoing... (23/23)
[Assault] Infrastructure damage reported.

=== ASSAULT REPULSED ===

[Ambient] A saboteur interferes with old wiring.

Simulation ended.
Time=250 | Threat=45.08 | Alert=76.89 | Damage=24.50 | InAssault=False
